2018-04-29 15:52:26 DEBUG Consumption:70 - created : Consumption{naam='Cola'; prijs= 2,40; aantal=1}
2018-04-29 15:52:26 INFO  Consumption:71 - created : Consumption{naam='Cola'; prijs= 2,40; aantal=1}
2018-04-29 15:52:26 DEBUG Consumption:70 - created : Consumption{naam='Leffe'; prijs= 3,00; aantal=1}
2018-04-29 15:52:26 INFO  Consumption:71 - created : Consumption{naam='Leffe'; prijs= 3,00; aantal=1}
2018-04-29 15:52:26 DEBUG Consumption:70 - created : Consumption{naam='Cola'; prijs= 2,40; aantal=1}
2018-04-29 15:52:26 INFO  Consumption:71 - created : Consumption{naam='Cola'; prijs= 2,40; aantal=1}
2018-04-29 15:52:26 DEBUG Consumption:70 - created : Consumption{naam='Leffe'; prijs= 3,00; aantal=1}
2018-04-29 15:52:26 INFO  Consumption:71 - created : Consumption{naam='Leffe'; prijs= 3,00; aantal=1}
2018-04-29 15:52:26 DEBUG Consumption:70 - created : Consumption{naam='Cola'; prijs= 2,40; aantal=1}
2018-04-29 15:52:26 INFO  Consumption:71 - created : Consumption{naam='Cola'; prijs= 2,40; aantal=1}
2018-04-29 15:52:26 DEBUG Consumption:70 - created : Consumption{naam='Leffe'; prijs= 3,00; aantal=1}
2018-04-29 15:52:26 INFO  Consumption:71 - created : Consumption{naam='Leffe'; prijs= 3,00; aantal=1}
2018-04-29 15:52:27 DEBUG Consumption:70 - created : Consumption{naam='Cola'; prijs= 2,40; aantal=1}
2018-04-29 15:52:27 INFO  Consumption:71 - created : Consumption{naam='Cola'; prijs= 2,40; aantal=1}
2018-04-29 15:52:27 DEBUG Consumption:70 - created : Consumption{naam='Leffe'; prijs= 3,00; aantal=1}
2018-04-29 15:52:27 INFO  Consumption:71 - created : Consumption{naam='Leffe'; prijs= 3,00; aantal=1}
2018-04-29 15:52:27 DEBUG Consumption:70 - created : Consumption{naam='Cola'; prijs= 2,40; aantal=1}
2018-04-29 15:52:27 INFO  Consumption:71 - created : Consumption{naam='Cola'; prijs= 2,40; aantal=1}
2018-04-29 15:52:27 DEBUG Consumption:70 - created : Consumption{naam='Leffe'; prijs= 3,00; aantal=1}
2018-04-29 15:52:27 INFO  Consumption:71 - created : Consumption{naam='Leffe'; prijs= 3,00; aantal=1}
2018-04-29 15:52:27 DEBUG Consumption:70 - created : Consumption{naam='Cola'; prijs= 2,40; aantal=1}
2018-04-29 15:52:27 INFO  Consumption:71 - created : Consumption{naam='Cola'; prijs= 2,40; aantal=1}
2018-04-29 15:52:27 DEBUG Consumption:70 - created : Consumption{naam='Leffe'; prijs= 3,00; aantal=1}
2018-04-29 15:52:27 INFO  Consumption:71 - created : Consumption{naam='Leffe'; prijs= 3,00; aantal=1}
2018-04-29 15:52:27 DEBUG Consumption:70 - created : Consumption{naam='Cola'; prijs= 2,40; aantal=1}
2018-04-29 15:52:27 INFO  Consumption:71 - created : Consumption{naam='Cola'; prijs= 2,40; aantal=1}
2018-04-29 15:52:27 DEBUG Consumption:70 - created : Consumption{naam='Leffe'; prijs= 3,00; aantal=1}
2018-04-29 15:52:27 INFO  Consumption:71 - created : Consumption{naam='Leffe'; prijs= 3,00; aantal=1}
2018-04-29 15:52:27 DEBUG Consumption:70 - created : Consumption{naam='Cola'; prijs= 2,40; aantal=1}
2018-04-29 15:52:27 INFO  Consumption:71 - created : Consumption{naam='Cola'; prijs= 2,40; aantal=1}
2018-04-29 15:52:27 DEBUG Consumption:70 - created : Consumption{naam='Leffe'; prijs= 3,00; aantal=1}
2018-04-29 15:52:27 INFO  Consumption:71 - created : Consumption{naam='Leffe'; prijs= 3,00; aantal=1}
2018-04-29 15:52:27 DEBUG Ober:35 - created : Ober{naam='Peters', voornaam='Wout'}
2018-04-29 15:52:27 INFO  Ober:36 - created : Ober{naam='Peters', voornaam='Wout'}
2018-04-29 15:52:27 DEBUG Ober:35 - created : Ober{naam='Segers', voornaam='Nathalie'}
2018-04-29 15:52:27 INFO  Ober:36 - created : Ober{naam='Segers', voornaam='Nathalie'}
2018-04-29 15:52:27 DEBUG Ober:35 - created : Ober{naam='Peters', voornaam='Wout'}
2018-04-29 15:52:27 INFO  Ober:36 - created : Ober{naam='Peters', voornaam='Wout'}
2018-04-29 15:52:27 DEBUG Ober:35 - created : Ober{naam='Segers', voornaam='Nathalie'}
2018-04-29 15:52:27 INFO  Ober:36 - created : Ober{naam='Segers', voornaam='Nathalie'}
2018-04-29 15:52:27 DEBUG Ober:35 - created : Ober{naam='Peters', voornaam='Wout'}
2018-04-29 15:52:27 INFO  Ober:36 - created : Ober{naam='Peters', voornaam='Wout'}
2018-04-29 15:52:27 DEBUG Ober:35 - created : Ober{naam='Segers', voornaam='Nathalie'}
2018-04-29 15:52:27 INFO  Ober:36 - created : Ober{naam='Segers', voornaam='Nathalie'}
2018-04-29 15:52:28 DEBUG Ober:35 - created : Ober{naam='test1', voornaam='test2'}
2018-04-29 15:52:28 INFO  Ober:36 - created : Ober{naam='test1', voornaam='test2'}
2018-04-29 15:52:28 DEBUG Ober:35 - created : Ober{naam='test2', voornaam='test2'}
2018-04-29 15:52:28 INFO  Ober:36 - created : Ober{naam='test2', voornaam='test2'}
2018-04-29 15:52:28 DEBUG Ober:35 - created : Ober{naam='Peters', voornaam='Wout'}
2018-04-29 15:52:28 INFO  Ober:36 - created : Ober{naam='Peters', voornaam='Wout'}
2018-04-29 15:52:28 DEBUG Ober:35 - created : Ober{naam='Segers', voornaam='Nathalie'}
2018-04-29 15:52:28 INFO  Ober:36 - created : Ober{naam='Segers', voornaam='Nathalie'}
2018-04-29 15:52:28 DEBUG Ober:35 - created : Ober{naam='Peters', voornaam='Wout'}
2018-04-29 15:52:28 INFO  Ober:36 - created : Ober{naam='Peters', voornaam='Wout'}
2018-04-29 15:52:28 DEBUG Ober:35 - created : Ober{naam='Segers', voornaam='Nathalie'}
2018-04-29 15:52:28 INFO  Ober:36 - created : Ober{naam='Segers', voornaam='Nathalie'}
2018-04-29 15:52:28 DEBUG Ober:35 - created : Ober{naam='Peters', voornaam='Wout'}
2018-04-29 15:52:28 INFO  Ober:36 - created : Ober{naam='Peters', voornaam='Wout'}
2018-04-29 15:52:28 DEBUG Ober:35 - created : Ober{naam='Segers', voornaam='Nathalie'}
2018-04-29 15:52:28 INFO  Ober:36 - created : Ober{naam='Segers', voornaam='Nathalie'}
2018-04-29 15:52:28 DEBUG Ober:35 - created : Ober{naam='Peters', voornaam='Wout'}
2018-04-29 15:52:28 INFO  Ober:36 - created : Ober{naam='Peters', voornaam='Wout'}
2018-04-29 15:52:28 DEBUG Ober:35 - created : Ober{naam='Segers', voornaam='Nathalie'}
2018-04-29 15:52:28 INFO  Ober:36 - created : Ober{naam='Segers', voornaam='Nathalie'}
2018-04-29 15:52:28 DEBUG Ober:35 - created : Ober{naam='Peters', voornaam='Wout'}
2018-04-29 15:52:28 INFO  Ober:36 - created : Ober{naam='Peters', voornaam='Wout'}
2018-04-29 15:52:28 DEBUG Ober:35 - created : Ober{naam='Segers', voornaam='Nathalie'}
2018-04-29 15:52:28 INFO  Ober:36 - created : Ober{naam='Segers', voornaam='Nathalie'}
2018-04-29 15:52:28 DEBUG Tafel:28 - created : Tafel{tafel een}
2018-04-29 15:52:28 INFO  Tafel:29 - created : Tafel{tafel een}
2018-04-29 15:52:28 DEBUG Tafel:28 - created : Tafel{tafel twee}
2018-04-29 15:52:28 INFO  Tafel:29 - created : Tafel{tafel twee}
2018-04-29 15:52:28 DEBUG Tafel:28 - created : Tafel{tafel een}
2018-04-29 15:52:28 INFO  Tafel:29 - created : Tafel{tafel een}
2018-04-29 15:52:28 DEBUG Tafel:28 - created : Tafel{tafel twee}
2018-04-29 15:52:28 INFO  Tafel:29 - created : Tafel{tafel twee}
2018-04-29 15:52:28 DEBUG Tafel:28 - created : Tafel{tafel een}
2018-04-29 15:52:28 INFO  Tafel:29 - created : Tafel{tafel een}
2018-04-29 15:52:28 DEBUG Tafel:28 - created : Tafel{tafel twee}
2018-04-29 15:52:28 INFO  Tafel:29 - created : Tafel{tafel twee}
2018-04-29 15:52:28 DEBUG Consumption:70 - created : Consumption{naam='cola'; prijs= 2,40; aantal=1}
2018-04-29 15:52:28 INFO  Consumption:71 - created : Consumption{naam='cola'; prijs= 2,40; aantal=1}
2018-04-29 15:52:28 DEBUG Consumption:70 - created : Consumption{naam='cola'; prijs= 2,40; aantal=1}
2018-04-29 15:52:28 INFO  Consumption:71 - created : Consumption{naam='cola'; prijs= 2,40; aantal=1}
2018-04-29 15:52:28 DEBUG Tafel:28 - created : Tafel{tafel een}
2018-04-29 15:52:28 INFO  Tafel:29 - created : Tafel{tafel een}
2018-04-29 15:52:28 DEBUG Tafel:28 - created : Tafel{tafel twee}
2018-04-29 15:52:28 INFO  Tafel:29 - created : Tafel{tafel twee}
2018-04-29 15:52:28 DEBUG Ober:35 - created : Ober{naam='test', voornaam='persoon'}
2018-04-29 15:52:28 INFO  Ober:36 - created : Ober{naam='test', voornaam='persoon'}
2018-04-29 15:52:28 DEBUG Tafel:38 - Check if table has items
2018-04-29 15:52:28 DEBUG Consumption:70 - created : Consumption{naam='iets'; prijs= 1,00; aantal=1}
2018-04-29 15:52:28 INFO  Consumption:71 - created : Consumption{naam='iets'; prijs= 1,00; aantal=1}
2018-04-29 15:52:28 DEBUG Tafel:46 - add consumption to table order
2018-04-29 15:52:28 DEBUG Tafel:38 - Check if table has items
2018-04-29 15:52:28 DEBUG Tafel:28 - created : Tafel{tafel een}
2018-04-29 15:52:28 INFO  Tafel:29 - created : Tafel{tafel een}
2018-04-29 15:52:28 DEBUG Tafel:28 - created : Tafel{tafel twee}
2018-04-29 15:52:28 INFO  Tafel:29 - created : Tafel{tafel twee}
2018-04-29 15:52:28 DEBUG Tafel:28 - created : Tafel{tafel een}
2018-04-29 15:52:28 INFO  Tafel:29 - created : Tafel{tafel een}
2018-04-29 15:52:28 DEBUG Tafel:28 - created : Tafel{tafel twee}
2018-04-29 15:52:28 INFO  Tafel:29 - created : Tafel{tafel twee}
2018-04-29 15:52:28 DEBUG Tafel:28 - created : Tafel{tafel een}
2018-04-29 15:52:28 INFO  Tafel:29 - created : Tafel{tafel een}
2018-04-29 15:52:28 DEBUG Tafel:28 - created : Tafel{tafel twee}
2018-04-29 15:52:28 INFO  Tafel:29 - created : Tafel{tafel twee}
2018-04-29 15:52:28 DEBUG Consumption:70 - created : Consumption{naam='Cola'; prijs= 2,40; aantal=1}
2018-04-29 15:52:28 INFO  Consumption:71 - created : Consumption{naam='Cola'; prijs= 2,40; aantal=1}
2018-04-29 15:52:28 DEBUG Consumption:70 - created : Consumption{naam='Cola'; prijs= 2,40; aantal=1}
2018-04-29 15:52:28 INFO  Consumption:71 - created : Consumption{naam='Cola'; prijs= 2,40; aantal=1}
2018-04-29 15:52:29 DEBUG Tafel:28 - created : Tafel{1}
2018-04-29 15:52:29 INFO  Tafel:29 - created : Tafel{1}
2018-04-29 15:52:29 DEBUG Tafel:28 - created : Tafel{2}
2018-04-29 15:52:29 INFO  Tafel:29 - created : Tafel{2}
2018-04-29 15:52:29 DEBUG Tafel:28 - created : Tafel{3}
2018-04-29 15:52:29 INFO  Tafel:29 - created : Tafel{3}
2018-04-29 15:52:29 DEBUG Tafel:28 - created : Tafel{4}
2018-04-29 15:52:29 INFO  Tafel:29 - created : Tafel{4}
2018-04-29 15:52:29 DEBUG Tafel:28 - created : Tafel{5}
2018-04-29 15:52:29 INFO  Tafel:29 - created : Tafel{5}
2018-04-29 15:52:29 DEBUG Tafel:28 - created : Tafel{6}
2018-04-29 15:52:29 INFO  Tafel:29 - created : Tafel{6}
2018-04-29 15:52:29 DEBUG Ober:43 - created : Ober{naam='peters', voornaam='wout'}
2018-04-29 15:52:29 INFO  Ober:44 - created : Ober{naam='peters', voornaam='wout'}
2018-04-29 15:52:29 DEBUG Ober:35 - created : Ober{naam='Peters', voornaam='Wout'}
2018-04-29 15:52:29 INFO  Ober:36 - created : Ober{naam='Peters', voornaam='Wout'}
2018-04-29 15:52:29 DEBUG Consumption:55 - created : Consumption{naam='Cola'; prijs= 2,40; aantal=0}
2018-04-29 15:52:29 INFO  Consumption:56 - created : Consumption{naam='Cola'; prijs= 2,40; aantal=0}
2018-04-29 15:52:29 DEBUG Consumption:55 - created : Consumption{naam='Leffe'; prijs= 3,00; aantal=0}
2018-04-29 15:52:29 INFO  Consumption:56 - created : Consumption{naam='Leffe'; prijs= 3,00; aantal=0}
2018-04-29 15:52:29 DEBUG Consumption:55 - created : Consumption{naam='Koffie'; prijs= 2,40; aantal=0}
2018-04-29 15:52:29 INFO  Consumption:56 - created : Consumption{naam='Koffie'; prijs= 2,40; aantal=0}
2018-04-29 15:52:29 DEBUG Consumption:55 - created : Consumption{naam='Cola-Light'; prijs= 2,40; aantal=0}
2018-04-29 15:52:29 INFO  Consumption:56 - created : Consumption{naam='Cola-Light'; prijs= 2,40; aantal=0}
2018-04-29 15:52:29 DEBUG Consumption:55 - created : Consumption{naam='Whisky'; prijs= 12,00; aantal=0}
2018-04-29 15:52:29 INFO  Consumption:56 - created : Consumption{naam='Whisky'; prijs= 12,00; aantal=0}
2018-04-29 15:52:29 DEBUG Consumption:55 - created : Consumption{naam='Thee'; prijs= 2,40; aantal=0}
2018-04-29 15:52:29 INFO  Consumption:56 - created : Consumption{naam='Thee'; prijs= 2,40; aantal=0}
2018-04-29 15:52:29 DEBUG Consumption:55 - created : Consumption{naam='Spa'; prijs= 2,40; aantal=0}
2018-04-29 15:52:29 INFO  Consumption:56 - created : Consumption{naam='Spa'; prijs= 2,40; aantal=0}
2018-04-29 15:52:29 DEBUG Consumption:55 - created : Consumption{naam='Westmalle'; prijs= 3,00; aantal=0}
2018-04-29 15:52:29 INFO  Consumption:56 - created : Consumption{naam='Westmalle'; prijs= 3,00; aantal=0}
2018-04-29 15:52:29 DEBUG Consumption:55 - created : Consumption{naam='Hoegaarden'; prijs= 2,70; aantal=0}
2018-04-29 15:52:29 INFO  Consumption:56 - created : Consumption{naam='Hoegaarden'; prijs= 2,70; aantal=0}
2018-04-29 15:52:29 DEBUG Consumption:55 - created : Consumption{naam='Duvel'; prijs= 3,20; aantal=0}
2018-04-29 15:52:29 INFO  Consumption:56 - created : Consumption{naam='Duvel'; prijs= 3,20; aantal=0}
2018-04-29 15:52:29 DEBUG Consumption:55 - created : Consumption{naam='Stella'; prijs= 2,20; aantal=0}
2018-04-29 15:52:29 INFO  Consumption:56 - created : Consumption{naam='Stella'; prijs= 2,20; aantal=0}
2018-04-29 15:52:29 DEBUG Consumption:55 - created : Consumption{naam='Chocomelk'; prijs= 2,50; aantal=0}
2018-04-29 15:52:29 INFO  Consumption:56 - created : Consumption{naam='Chocomelk'; prijs= 2,50; aantal=0}
2018-04-29 15:52:29 DEBUG Consumption:55 - created : Consumption{naam='Tonic'; prijs= 2,40; aantal=0}
2018-04-29 15:52:29 INFO  Consumption:56 - created : Consumption{naam='Tonic'; prijs= 2,40; aantal=0}
2018-04-29 15:52:29 DEBUG Consumption:55 - created : Consumption{naam='Latte'; prijs= 2,80; aantal=0}
2018-04-29 15:52:29 INFO  Consumption:56 - created : Consumption{naam='Latte'; prijs= 2,80; aantal=0}
2018-04-29 15:52:29 DEBUG Consumption:55 - created : Consumption{naam='Fanta'; prijs= 2,40; aantal=0}
2018-04-29 15:52:29 INFO  Consumption:56 - created : Consumption{naam='Fanta'; prijs= 2,40; aantal=0}
2018-04-29 15:52:29 DEBUG Consumption:55 - created : Consumption{naam='Sprite'; prijs= 2,40; aantal=0}
2018-04-29 15:52:29 INFO  Consumption:56 - created : Consumption{naam='Sprite'; prijs= 2,40; aantal=0}
2018-04-29 15:52:29 DEBUG Consumption:55 - created : Consumption{naam='Minute Maid'; prijs= 2,80; aantal=0}
2018-04-29 15:52:29 INFO  Consumption:56 - created : Consumption{naam='Minute Maid'; prijs= 2,80; aantal=0}
2018-04-29 15:52:29 DEBUG Tafel:28 - created : Tafel{1}
2018-04-29 15:52:29 INFO  Tafel:29 - created : Tafel{1}
2018-04-29 15:52:29 DEBUG Tafel:28 - created : Tafel{2}
2018-04-29 15:52:29 INFO  Tafel:29 - created : Tafel{2}
2018-04-29 15:52:29 DEBUG Tafel:28 - created : Tafel{3}
2018-04-29 15:52:29 INFO  Tafel:29 - created : Tafel{3}
2018-04-29 15:52:29 DEBUG Tafel:28 - created : Tafel{4}
2018-04-29 15:52:29 INFO  Tafel:29 - created : Tafel{4}
2018-04-29 15:52:29 DEBUG Tafel:28 - created : Tafel{5}
2018-04-29 15:52:29 INFO  Tafel:29 - created : Tafel{5}
2018-04-29 15:52:29 DEBUG Tafel:28 - created : Tafel{6}
2018-04-29 15:52:29 INFO  Tafel:29 - created : Tafel{6}
2018-04-29 15:52:29 DEBUG Ober:43 - created : Ober{naam='peters', voornaam='wout'}
2018-04-29 15:52:29 INFO  Ober:44 - created : Ober{naam='peters', voornaam='wout'}
2018-04-29 15:52:29 DEBUG Ober:35 - created : Ober{naam='Peters', voornaam='Wout'}
2018-04-29 15:52:29 INFO  Ober:36 - created : Ober{naam='Peters', voornaam='Wout'}
2018-04-29 15:52:29 DEBUG Consumption:55 - created : Consumption{naam='Cola'; prijs= 2,40; aantal=0}
2018-04-29 15:52:29 INFO  Consumption:56 - created : Consumption{naam='Cola'; prijs= 2,40; aantal=0}
2018-04-29 15:52:29 DEBUG Consumption:55 - created : Consumption{naam='Leffe'; prijs= 3,00; aantal=0}
2018-04-29 15:52:29 INFO  Consumption:56 - created : Consumption{naam='Leffe'; prijs= 3,00; aantal=0}
2018-04-29 15:52:29 DEBUG Consumption:55 - created : Consumption{naam='Koffie'; prijs= 2,40; aantal=0}
2018-04-29 15:52:29 INFO  Consumption:56 - created : Consumption{naam='Koffie'; prijs= 2,40; aantal=0}
2018-04-29 15:52:29 DEBUG Consumption:55 - created : Consumption{naam='Cola-Light'; prijs= 2,40; aantal=0}
2018-04-29 15:52:29 INFO  Consumption:56 - created : Consumption{naam='Cola-Light'; prijs= 2,40; aantal=0}
2018-04-29 15:52:29 DEBUG Consumption:55 - created : Consumption{naam='Whisky'; prijs= 12,00; aantal=0}
2018-04-29 15:52:29 INFO  Consumption:56 - created : Consumption{naam='Whisky'; prijs= 12,00; aantal=0}
2018-04-29 15:52:29 DEBUG Consumption:55 - created : Consumption{naam='Thee'; prijs= 2,40; aantal=0}
2018-04-29 15:52:29 INFO  Consumption:56 - created : Consumption{naam='Thee'; prijs= 2,40; aantal=0}
2018-04-29 15:52:29 DEBUG Consumption:55 - created : Consumption{naam='Spa'; prijs= 2,40; aantal=0}
2018-04-29 15:52:29 INFO  Consumption:56 - created : Consumption{naam='Spa'; prijs= 2,40; aantal=0}
2018-04-29 15:52:29 DEBUG Consumption:55 - created : Consumption{naam='Westmalle'; prijs= 3,00; aantal=0}
2018-04-29 15:52:29 INFO  Consumption:56 - created : Consumption{naam='Westmalle'; prijs= 3,00; aantal=0}
2018-04-29 15:52:29 DEBUG Consumption:55 - created : Consumption{naam='Hoegaarden'; prijs= 2,70; aantal=0}
2018-04-29 15:52:29 INFO  Consumption:56 - created : Consumption{naam='Hoegaarden'; prijs= 2,70; aantal=0}
2018-04-29 15:52:29 DEBUG Consumption:55 - created : Consumption{naam='Duvel'; prijs= 3,20; aantal=0}
2018-04-29 15:52:29 INFO  Consumption:56 - created : Consumption{naam='Duvel'; prijs= 3,20; aantal=0}
2018-04-29 15:52:29 DEBUG Consumption:55 - created : Consumption{naam='Stella'; prijs= 2,20; aantal=0}
2018-04-29 15:52:29 INFO  Consumption:56 - created : Consumption{naam='Stella'; prijs= 2,20; aantal=0}
2018-04-29 15:52:29 DEBUG Consumption:55 - created : Consumption{naam='Chocomelk'; prijs= 2,50; aantal=0}
2018-04-29 15:52:29 INFO  Consumption:56 - created : Consumption{naam='Chocomelk'; prijs= 2,50; aantal=0}
2018-04-29 15:52:29 DEBUG Consumption:55 - created : Consumption{naam='Tonic'; prijs= 2,40; aantal=0}
2018-04-29 15:52:29 INFO  Consumption:56 - created : Consumption{naam='Tonic'; prijs= 2,40; aantal=0}
2018-04-29 15:52:29 DEBUG Consumption:55 - created : Consumption{naam='Latte'; prijs= 2,80; aantal=0}
2018-04-29 15:52:29 INFO  Consumption:56 - created : Consumption{naam='Latte'; prijs= 2,80; aantal=0}
2018-04-29 15:52:29 DEBUG Consumption:55 - created : Consumption{naam='Fanta'; prijs= 2,40; aantal=0}
2018-04-29 15:52:29 INFO  Consumption:56 - created : Consumption{naam='Fanta'; prijs= 2,40; aantal=0}
2018-04-29 15:52:29 DEBUG Consumption:55 - created : Consumption{naam='Sprite'; prijs= 2,40; aantal=0}
2018-04-29 15:52:29 INFO  Consumption:56 - created : Consumption{naam='Sprite'; prijs= 2,40; aantal=0}
2018-04-29 15:52:29 DEBUG Consumption:55 - created : Consumption{naam='Minute Maid'; prijs= 2,80; aantal=0}
2018-04-29 15:52:29 INFO  Consumption:56 - created : Consumption{naam='Minute Maid'; prijs= 2,80; aantal=0}
2018-04-29 15:52:29 DEBUG Tafel:28 - created : Tafel{1}
2018-04-29 15:52:29 INFO  Tafel:29 - created : Tafel{1}
2018-04-29 15:52:29 DEBUG Tafel:28 - created : Tafel{2}
2018-04-29 15:52:29 INFO  Tafel:29 - created : Tafel{2}
2018-04-29 15:52:29 DEBUG Tafel:28 - created : Tafel{3}
2018-04-29 15:52:29 INFO  Tafel:29 - created : Tafel{3}
2018-04-29 15:52:29 DEBUG Tafel:28 - created : Tafel{4}
2018-04-29 15:52:29 INFO  Tafel:29 - created : Tafel{4}
2018-04-29 15:52:29 DEBUG Tafel:28 - created : Tafel{5}
2018-04-29 15:52:29 INFO  Tafel:29 - created : Tafel{5}
2018-04-29 15:52:29 DEBUG Tafel:28 - created : Tafel{6}
2018-04-29 15:52:29 INFO  Tafel:29 - created : Tafel{6}
2018-04-29 15:52:29 DEBUG Consumption:55 - created : Consumption{naam='Cola'; prijs= 2,40; aantal=0}
2018-04-29 15:52:29 INFO  Consumption:56 - created : Consumption{naam='Cola'; prijs= 2,40; aantal=0}
2018-04-29 15:52:29 DEBUG Consumption:55 - created : Consumption{naam='Leffe'; prijs= 3,00; aantal=0}
2018-04-29 15:52:29 INFO  Consumption:56 - created : Consumption{naam='Leffe'; prijs= 3,00; aantal=0}
2018-04-29 15:52:29 DEBUG Consumption:55 - created : Consumption{naam='Koffie'; prijs= 2,40; aantal=0}
2018-04-29 15:52:29 INFO  Consumption:56 - created : Consumption{naam='Koffie'; prijs= 2,40; aantal=0}
2018-04-29 15:52:29 DEBUG Consumption:55 - created : Consumption{naam='Cola-Light'; prijs= 2,40; aantal=0}
2018-04-29 15:52:29 INFO  Consumption:56 - created : Consumption{naam='Cola-Light'; prijs= 2,40; aantal=0}
2018-04-29 15:52:29 DEBUG Consumption:55 - created : Consumption{naam='Whisky'; prijs= 12,00; aantal=0}
2018-04-29 15:52:29 INFO  Consumption:56 - created : Consumption{naam='Whisky'; prijs= 12,00; aantal=0}
2018-04-29 15:52:29 DEBUG Consumption:55 - created : Consumption{naam='Thee'; prijs= 2,40; aantal=0}
2018-04-29 15:52:29 INFO  Consumption:56 - created : Consumption{naam='Thee'; prijs= 2,40; aantal=0}
2018-04-29 15:52:29 DEBUG Consumption:55 - created : Consumption{naam='Spa'; prijs= 2,40; aantal=0}
2018-04-29 15:52:29 INFO  Consumption:56 - created : Consumption{naam='Spa'; prijs= 2,40; aantal=0}
2018-04-29 15:52:29 DEBUG Consumption:55 - created : Consumption{naam='Westmalle'; prijs= 3,00; aantal=0}
2018-04-29 15:52:29 INFO  Consumption:56 - created : Consumption{naam='Westmalle'; prijs= 3,00; aantal=0}
2018-04-29 15:52:29 DEBUG Consumption:55 - created : Consumption{naam='Hoegaarden'; prijs= 2,70; aantal=0}
2018-04-29 15:52:29 INFO  Consumption:56 - created : Consumption{naam='Hoegaarden'; prijs= 2,70; aantal=0}
2018-04-29 15:52:29 DEBUG Consumption:55 - created : Consumption{naam='Duvel'; prijs= 3,20; aantal=0}
2018-04-29 15:52:29 INFO  Consumption:56 - created : Consumption{naam='Duvel'; prijs= 3,20; aantal=0}
2018-04-29 15:52:29 DEBUG Consumption:55 - created : Consumption{naam='Stella'; prijs= 2,20; aantal=0}
2018-04-29 15:52:29 INFO  Consumption:56 - created : Consumption{naam='Stella'; prijs= 2,20; aantal=0}
2018-04-29 15:52:29 DEBUG Consumption:55 - created : Consumption{naam='Chocomelk'; prijs= 2,50; aantal=0}
2018-04-29 15:52:29 INFO  Consumption:56 - created : Consumption{naam='Chocomelk'; prijs= 2,50; aantal=0}
2018-04-29 15:52:29 DEBUG Consumption:55 - created : Consumption{naam='Tonic'; prijs= 2,40; aantal=0}
2018-04-29 15:52:29 INFO  Consumption:56 - created : Consumption{naam='Tonic'; prijs= 2,40; aantal=0}
2018-04-29 15:52:29 DEBUG Consumption:55 - created : Consumption{naam='Latte'; prijs= 2,80; aantal=0}
2018-04-29 15:52:29 INFO  Consumption:56 - created : Consumption{naam='Latte'; prijs= 2,80; aantal=0}
2018-04-29 15:52:29 DEBUG Consumption:55 - created : Consumption{naam='Fanta'; prijs= 2,40; aantal=0}
2018-04-29 15:52:29 INFO  Consumption:56 - created : Consumption{naam='Fanta'; prijs= 2,40; aantal=0}
2018-04-29 15:52:29 DEBUG Consumption:55 - created : Consumption{naam='Sprite'; prijs= 2,40; aantal=0}
2018-04-29 15:52:29 INFO  Consumption:56 - created : Consumption{naam='Sprite'; prijs= 2,40; aantal=0}
2018-04-29 15:52:29 DEBUG Consumption:55 - created : Consumption{naam='Minute Maid'; prijs= 2,80; aantal=0}
2018-04-29 15:52:29 INFO  Consumption:56 - created : Consumption{naam='Minute Maid'; prijs= 2,80; aantal=0}
2018-04-29 15:52:29 DEBUG Ober:43 - created : Ober{naam='Peters', voornaam='Wout'}
2018-04-29 15:52:29 INFO  Ober:44 - created : Ober{naam='Peters', voornaam='Wout'}
2018-04-29 15:52:29 DEBUG Tafel:28 - created : Tafel{1}
2018-04-29 15:52:29 INFO  Tafel:29 - created : Tafel{1}
2018-04-29 15:52:29 DEBUG Tafel:28 - created : Tafel{2}
2018-04-29 15:52:29 INFO  Tafel:29 - created : Tafel{2}
2018-04-29 15:52:29 DEBUG Tafel:28 - created : Tafel{3}
2018-04-29 15:52:29 INFO  Tafel:29 - created : Tafel{3}
2018-04-29 15:52:29 DEBUG Tafel:28 - created : Tafel{4}
2018-04-29 15:52:29 INFO  Tafel:29 - created : Tafel{4}
2018-04-29 15:52:29 DEBUG Tafel:28 - created : Tafel{5}
2018-04-29 15:52:29 INFO  Tafel:29 - created : Tafel{5}
2018-04-29 15:52:29 DEBUG Tafel:28 - created : Tafel{6}
2018-04-29 15:52:29 INFO  Tafel:29 - created : Tafel{6}
2018-04-29 15:52:29 DEBUG Consumption:70 - created : Consumption{naam='Cola'; prijs= 2,40; aantal=1}
2018-04-29 15:52:29 INFO  Consumption:71 - created : Consumption{naam='Cola'; prijs= 2,40; aantal=1}
2018-04-29 15:52:29 DEBUG Ober:35 - created : Ober{naam='Peters', voornaam='Wout'}
2018-04-29 15:52:29 INFO  Ober:36 - created : Ober{naam='Peters', voornaam='Wout'}
2018-04-29 15:52:29 DEBUG Consumption:55 - created : Consumption{naam='Cola'; prijs= 2,40; aantal=0}
2018-04-29 15:52:29 INFO  Consumption:56 - created : Consumption{naam='Cola'; prijs= 2,40; aantal=0}
2018-04-29 15:52:29 DEBUG Consumption:55 - created : Consumption{naam='Leffe'; prijs= 3,00; aantal=0}
2018-04-29 15:52:29 INFO  Consumption:56 - created : Consumption{naam='Leffe'; prijs= 3,00; aantal=0}
2018-04-29 15:52:29 DEBUG Consumption:55 - created : Consumption{naam='Koffie'; prijs= 2,40; aantal=0}
2018-04-29 15:52:29 INFO  Consumption:56 - created : Consumption{naam='Koffie'; prijs= 2,40; aantal=0}
2018-04-29 15:52:29 DEBUG Consumption:55 - created : Consumption{naam='Cola-Light'; prijs= 2,40; aantal=0}
2018-04-29 15:52:29 INFO  Consumption:56 - created : Consumption{naam='Cola-Light'; prijs= 2,40; aantal=0}
2018-04-29 15:52:29 DEBUG Consumption:55 - created : Consumption{naam='Whisky'; prijs= 12,00; aantal=0}
2018-04-29 15:52:29 INFO  Consumption:56 - created : Consumption{naam='Whisky'; prijs= 12,00; aantal=0}
2018-04-29 15:52:29 DEBUG Consumption:55 - created : Consumption{naam='Thee'; prijs= 2,40; aantal=0}
2018-04-29 15:52:29 INFO  Consumption:56 - created : Consumption{naam='Thee'; prijs= 2,40; aantal=0}
2018-04-29 15:52:29 DEBUG Consumption:55 - created : Consumption{naam='Spa'; prijs= 2,40; aantal=0}
2018-04-29 15:52:29 INFO  Consumption:56 - created : Consumption{naam='Spa'; prijs= 2,40; aantal=0}
2018-04-29 15:52:29 DEBUG Consumption:55 - created : Consumption{naam='Westmalle'; prijs= 3,00; aantal=0}
2018-04-29 15:52:29 INFO  Consumption:56 - created : Consumption{naam='Westmalle'; prijs= 3,00; aantal=0}
2018-04-29 15:52:29 DEBUG Consumption:55 - created : Consumption{naam='Hoegaarden'; prijs= 2,70; aantal=0}
2018-04-29 15:52:29 INFO  Consumption:56 - created : Consumption{naam='Hoegaarden'; prijs= 2,70; aantal=0}
2018-04-29 15:52:29 DEBUG Consumption:55 - created : Consumption{naam='Duvel'; prijs= 3,20; aantal=0}
2018-04-29 15:52:29 INFO  Consumption:56 - created : Consumption{naam='Duvel'; prijs= 3,20; aantal=0}
2018-04-29 15:52:29 DEBUG Consumption:55 - created : Consumption{naam='Stella'; prijs= 2,20; aantal=0}
2018-04-29 15:52:29 INFO  Consumption:56 - created : Consumption{naam='Stella'; prijs= 2,20; aantal=0}
2018-04-29 15:52:29 DEBUG Consumption:55 - created : Consumption{naam='Chocomelk'; prijs= 2,50; aantal=0}
2018-04-29 15:52:29 INFO  Consumption:56 - created : Consumption{naam='Chocomelk'; prijs= 2,50; aantal=0}
2018-04-29 15:52:29 DEBUG Consumption:55 - created : Consumption{naam='Tonic'; prijs= 2,40; aantal=0}
2018-04-29 15:52:29 INFO  Consumption:56 - created : Consumption{naam='Tonic'; prijs= 2,40; aantal=0}
2018-04-29 15:52:29 DEBUG Consumption:55 - created : Consumption{naam='Latte'; prijs= 2,80; aantal=0}
2018-04-29 15:52:29 INFO  Consumption:56 - created : Consumption{naam='Latte'; prijs= 2,80; aantal=0}
2018-04-29 15:52:29 DEBUG Consumption:55 - created : Consumption{naam='Fanta'; prijs= 2,40; aantal=0}
2018-04-29 15:52:29 INFO  Consumption:56 - created : Consumption{naam='Fanta'; prijs= 2,40; aantal=0}
2018-04-29 15:52:29 DEBUG Consumption:55 - created : Consumption{naam='Sprite'; prijs= 2,40; aantal=0}
2018-04-29 15:52:29 INFO  Consumption:56 - created : Consumption{naam='Sprite'; prijs= 2,40; aantal=0}
2018-04-29 15:52:29 DEBUG Consumption:55 - created : Consumption{naam='Minute Maid'; prijs= 2,80; aantal=0}
2018-04-29 15:52:29 INFO  Consumption:56 - created : Consumption{naam='Minute Maid'; prijs= 2,80; aantal=0}
2018-04-29 15:52:29 DEBUG Tafel:46 - add consumption to table order
2018-04-29 15:52:29 DEBUG Tafel:38 - Check if table has items
2018-04-29 15:52:29 DEBUG Tafel:38 - Check if table has items
2018-04-29 15:52:29 DEBUG Tafel:38 - Check if table has items
2018-04-29 15:52:29 INFO  Tafel:46 - Serialized data is saved in C:\javafiles\ChezJavaFinalExam\src\main\resources\serialize\Tafel.3
2018-04-29 15:52:29 DEBUG Tafel:38 - Check if table has items
2018-04-29 15:52:29 DEBUG Tafel:38 - Check if table has items
2018-04-29 15:52:29 DEBUG Tafel:38 - Check if table has items
2018-04-29 15:52:29 DEBUG Ober:43 - created : Ober{naam='Peters', voornaam='Wout'}
2018-04-29 15:52:29 INFO  Ober:44 - created : Ober{naam='Peters', voornaam='Wout'}
2018-04-29 15:52:29 DEBUG Tafel:28 - created : Tafel{1}
2018-04-29 15:52:29 INFO  Tafel:29 - created : Tafel{1}
2018-04-29 15:52:29 DEBUG Tafel:28 - created : Tafel{2}
2018-04-29 15:52:29 INFO  Tafel:29 - created : Tafel{2}
2018-04-29 15:52:29 DEBUG Tafel:28 - created : Tafel{3}
2018-04-29 15:52:29 INFO  Tafel:29 - created : Tafel{3}
2018-04-29 15:52:29 DEBUG Tafel:28 - created : Tafel{4}
2018-04-29 15:52:29 INFO  Tafel:29 - created : Tafel{4}
2018-04-29 15:52:29 DEBUG Tafel:28 - created : Tafel{5}
2018-04-29 15:52:29 INFO  Tafel:29 - created : Tafel{5}
2018-04-29 15:52:29 DEBUG Tafel:28 - created : Tafel{6}
2018-04-29 15:52:29 INFO  Tafel:29 - created : Tafel{6}
2018-04-29 15:52:29 DEBUG Consumption:70 - created : Consumption{naam='Cola'; prijs= 2,40; aantal=1}
2018-04-29 15:52:29 INFO  Consumption:71 - created : Consumption{naam='Cola'; prijs= 2,40; aantal=1}
2018-04-29 15:52:29 DEBUG Ober:35 - created : Ober{naam='Peters', voornaam='Wout'}
2018-04-29 15:52:29 INFO  Ober:36 - created : Ober{naam='Peters', voornaam='Wout'}
2018-04-29 15:52:29 DEBUG Consumption:55 - created : Consumption{naam='Cola'; prijs= 2,40; aantal=0}
2018-04-29 15:52:29 INFO  Consumption:56 - created : Consumption{naam='Cola'; prijs= 2,40; aantal=0}
2018-04-29 15:52:29 DEBUG Consumption:55 - created : Consumption{naam='Leffe'; prijs= 3,00; aantal=0}
2018-04-29 15:52:29 INFO  Consumption:56 - created : Consumption{naam='Leffe'; prijs= 3,00; aantal=0}
2018-04-29 15:52:29 DEBUG Consumption:55 - created : Consumption{naam='Koffie'; prijs= 2,40; aantal=0}
2018-04-29 15:52:29 INFO  Consumption:56 - created : Consumption{naam='Koffie'; prijs= 2,40; aantal=0}
2018-04-29 15:52:29 DEBUG Consumption:55 - created : Consumption{naam='Cola-Light'; prijs= 2,40; aantal=0}
2018-04-29 15:52:29 INFO  Consumption:56 - created : Consumption{naam='Cola-Light'; prijs= 2,40; aantal=0}
2018-04-29 15:52:29 DEBUG Consumption:55 - created : Consumption{naam='Whisky'; prijs= 12,00; aantal=0}
2018-04-29 15:52:29 INFO  Consumption:56 - created : Consumption{naam='Whisky'; prijs= 12,00; aantal=0}
2018-04-29 15:52:29 DEBUG Consumption:55 - created : Consumption{naam='Thee'; prijs= 2,40; aantal=0}
2018-04-29 15:52:29 INFO  Consumption:56 - created : Consumption{naam='Thee'; prijs= 2,40; aantal=0}
2018-04-29 15:52:29 DEBUG Consumption:55 - created : Consumption{naam='Spa'; prijs= 2,40; aantal=0}
2018-04-29 15:52:29 INFO  Consumption:56 - created : Consumption{naam='Spa'; prijs= 2,40; aantal=0}
2018-04-29 15:52:29 DEBUG Consumption:55 - created : Consumption{naam='Westmalle'; prijs= 3,00; aantal=0}
2018-04-29 15:52:29 INFO  Consumption:56 - created : Consumption{naam='Westmalle'; prijs= 3,00; aantal=0}
2018-04-29 15:52:29 DEBUG Consumption:55 - created : Consumption{naam='Hoegaarden'; prijs= 2,70; aantal=0}
2018-04-29 15:52:29 INFO  Consumption:56 - created : Consumption{naam='Hoegaarden'; prijs= 2,70; aantal=0}
2018-04-29 15:52:29 DEBUG Consumption:55 - created : Consumption{naam='Duvel'; prijs= 3,20; aantal=0}
2018-04-29 15:52:29 INFO  Consumption:56 - created : Consumption{naam='Duvel'; prijs= 3,20; aantal=0}
2018-04-29 15:52:29 DEBUG Consumption:55 - created : Consumption{naam='Stella'; prijs= 2,20; aantal=0}
2018-04-29 15:52:29 INFO  Consumption:56 - created : Consumption{naam='Stella'; prijs= 2,20; aantal=0}
2018-04-29 15:52:29 DEBUG Consumption:55 - created : Consumption{naam='Chocomelk'; prijs= 2,50; aantal=0}
2018-04-29 15:52:29 INFO  Consumption:56 - created : Consumption{naam='Chocomelk'; prijs= 2,50; aantal=0}
2018-04-29 15:52:29 DEBUG Consumption:55 - created : Consumption{naam='Tonic'; prijs= 2,40; aantal=0}
2018-04-29 15:52:29 INFO  Consumption:56 - created : Consumption{naam='Tonic'; prijs= 2,40; aantal=0}
2018-04-29 15:52:29 DEBUG Consumption:55 - created : Consumption{naam='Latte'; prijs= 2,80; aantal=0}
2018-04-29 15:52:29 INFO  Consumption:56 - created : Consumption{naam='Latte'; prijs= 2,80; aantal=0}
2018-04-29 15:52:29 DEBUG Consumption:55 - created : Consumption{naam='Fanta'; prijs= 2,40; aantal=0}
2018-04-29 15:52:29 INFO  Consumption:56 - created : Consumption{naam='Fanta'; prijs= 2,40; aantal=0}
2018-04-29 15:52:29 DEBUG Consumption:55 - created : Consumption{naam='Sprite'; prijs= 2,40; aantal=0}
2018-04-29 15:52:29 INFO  Consumption:56 - created : Consumption{naam='Sprite'; prijs= 2,40; aantal=0}
2018-04-29 15:52:29 DEBUG Consumption:55 - created : Consumption{naam='Minute Maid'; prijs= 2,80; aantal=0}
2018-04-29 15:52:29 INFO  Consumption:56 - created : Consumption{naam='Minute Maid'; prijs= 2,80; aantal=0}
2018-04-29 15:52:29 DEBUG Tafel:46 - add consumption to table order
2018-04-29 15:52:29 DEBUG Tafel:38 - Check if table has items
2018-04-29 15:52:29 DEBUG Tafel:38 - Check if table has items
2018-04-29 15:52:29 DEBUG Tafel:38 - Check if table has items
2018-04-29 15:52:29 INFO  Tafel:46 - Serialized data is saved in C:\javafiles\ChezJavaFinalExam\src\main\resources\serialize\Tafel.3
2018-04-29 15:52:29 DEBUG Tafel:38 - Check if table has items
2018-04-29 15:52:29 DEBUG Tafel:38 - Check if table has items
2018-04-29 15:52:29 DEBUG Tafel:38 - Check if table has items
2018-04-29 15:52:29 DEBUG Ober:43 - created : Ober{naam='Peters', voornaam='Wout'}
2018-04-29 15:52:29 INFO  Ober:44 - created : Ober{naam='Peters', voornaam='Wout'}
2018-04-29 15:52:29 DEBUG Tafel:28 - created : Tafel{1}
2018-04-29 15:52:29 INFO  Tafel:29 - created : Tafel{1}
2018-04-29 15:52:29 DEBUG Tafel:28 - created : Tafel{2}
2018-04-29 15:52:29 INFO  Tafel:29 - created : Tafel{2}
2018-04-29 15:52:29 DEBUG Tafel:28 - created : Tafel{3}
2018-04-29 15:52:29 INFO  Tafel:29 - created : Tafel{3}
2018-04-29 15:52:29 DEBUG Tafel:28 - created : Tafel{4}
2018-04-29 15:52:29 INFO  Tafel:29 - created : Tafel{4}
2018-04-29 15:52:29 DEBUG Tafel:28 - created : Tafel{5}
2018-04-29 15:52:29 INFO  Tafel:29 - created : Tafel{5}
2018-04-29 15:52:29 DEBUG Tafel:28 - created : Tafel{6}
2018-04-29 15:52:29 INFO  Tafel:29 - created : Tafel{6}
2018-04-29 15:52:29 DEBUG Consumption:70 - created : Consumption{naam='Cola'; prijs= 2,40; aantal=1}
2018-04-29 15:52:29 INFO  Consumption:71 - created : Consumption{naam='Cola'; prijs= 2,40; aantal=1}
2018-04-29 15:52:29 DEBUG Ober:35 - created : Ober{naam='Peters', voornaam='Wout'}
2018-04-29 15:52:29 INFO  Ober:36 - created : Ober{naam='Peters', voornaam='Wout'}
2018-04-29 15:52:29 DEBUG Consumption:55 - created : Consumption{naam='Cola'; prijs= 2,40; aantal=0}
2018-04-29 15:52:29 INFO  Consumption:56 - created : Consumption{naam='Cola'; prijs= 2,40; aantal=0}
2018-04-29 15:52:29 DEBUG Consumption:55 - created : Consumption{naam='Leffe'; prijs= 3,00; aantal=0}
2018-04-29 15:52:29 INFO  Consumption:56 - created : Consumption{naam='Leffe'; prijs= 3,00; aantal=0}
2018-04-29 15:52:29 DEBUG Consumption:55 - created : Consumption{naam='Koffie'; prijs= 2,40; aantal=0}
2018-04-29 15:52:29 INFO  Consumption:56 - created : Consumption{naam='Koffie'; prijs= 2,40; aantal=0}
2018-04-29 15:52:29 DEBUG Consumption:55 - created : Consumption{naam='Cola-Light'; prijs= 2,40; aantal=0}
2018-04-29 15:52:29 INFO  Consumption:56 - created : Consumption{naam='Cola-Light'; prijs= 2,40; aantal=0}
2018-04-29 15:52:29 DEBUG Consumption:55 - created : Consumption{naam='Whisky'; prijs= 12,00; aantal=0}
2018-04-29 15:52:29 INFO  Consumption:56 - created : Consumption{naam='Whisky'; prijs= 12,00; aantal=0}
2018-04-29 15:52:29 DEBUG Consumption:55 - created : Consumption{naam='Thee'; prijs= 2,40; aantal=0}
2018-04-29 15:52:29 INFO  Consumption:56 - created : Consumption{naam='Thee'; prijs= 2,40; aantal=0}
2018-04-29 15:52:29 DEBUG Consumption:55 - created : Consumption{naam='Spa'; prijs= 2,40; aantal=0}
2018-04-29 15:52:29 INFO  Consumption:56 - created : Consumption{naam='Spa'; prijs= 2,40; aantal=0}
2018-04-29 15:52:29 DEBUG Consumption:55 - created : Consumption{naam='Westmalle'; prijs= 3,00; aantal=0}
2018-04-29 15:52:29 INFO  Consumption:56 - created : Consumption{naam='Westmalle'; prijs= 3,00; aantal=0}
2018-04-29 15:52:29 DEBUG Consumption:55 - created : Consumption{naam='Hoegaarden'; prijs= 2,70; aantal=0}
2018-04-29 15:52:29 INFO  Consumption:56 - created : Consumption{naam='Hoegaarden'; prijs= 2,70; aantal=0}
2018-04-29 15:52:29 DEBUG Consumption:55 - created : Consumption{naam='Duvel'; prijs= 3,20; aantal=0}
2018-04-29 15:52:29 INFO  Consumption:56 - created : Consumption{naam='Duvel'; prijs= 3,20; aantal=0}
2018-04-29 15:52:29 DEBUG Consumption:55 - created : Consumption{naam='Stella'; prijs= 2,20; aantal=0}
2018-04-29 15:52:29 INFO  Consumption:56 - created : Consumption{naam='Stella'; prijs= 2,20; aantal=0}
2018-04-29 15:52:29 DEBUG Consumption:55 - created : Consumption{naam='Chocomelk'; prijs= 2,50; aantal=0}
2018-04-29 15:52:29 INFO  Consumption:56 - created : Consumption{naam='Chocomelk'; prijs= 2,50; aantal=0}
2018-04-29 15:52:29 DEBUG Consumption:55 - created : Consumption{naam='Tonic'; prijs= 2,40; aantal=0}
2018-04-29 15:52:29 INFO  Consumption:56 - created : Consumption{naam='Tonic'; prijs= 2,40; aantal=0}
2018-04-29 15:52:29 DEBUG Consumption:55 - created : Consumption{naam='Latte'; prijs= 2,80; aantal=0}
2018-04-29 15:52:29 INFO  Consumption:56 - created : Consumption{naam='Latte'; prijs= 2,80; aantal=0}
2018-04-29 15:52:29 DEBUG Consumption:55 - created : Consumption{naam='Fanta'; prijs= 2,40; aantal=0}
2018-04-29 15:52:29 INFO  Consumption:56 - created : Consumption{naam='Fanta'; prijs= 2,40; aantal=0}
2018-04-29 15:52:29 DEBUG Consumption:55 - created : Consumption{naam='Sprite'; prijs= 2,40; aantal=0}
2018-04-29 15:52:29 INFO  Consumption:56 - created : Consumption{naam='Sprite'; prijs= 2,40; aantal=0}
2018-04-29 15:52:29 DEBUG Consumption:55 - created : Consumption{naam='Minute Maid'; prijs= 2,80; aantal=0}
2018-04-29 15:52:29 INFO  Consumption:56 - created : Consumption{naam='Minute Maid'; prijs= 2,80; aantal=0}
2018-04-29 15:52:29 DEBUG Tafel:46 - add consumption to table order
2018-04-29 15:52:29 DEBUG Tafel:38 - Check if table has items
2018-04-29 15:52:29 DEBUG Ober:43 - created : Ober{naam='Peters', voornaam='Wout'}
2018-04-29 15:52:29 INFO  Ober:44 - created : Ober{naam='Peters', voornaam='Wout'}
2018-04-29 15:52:29 DEBUG Tafel:28 - created : Tafel{1}
2018-04-29 15:52:29 INFO  Tafel:29 - created : Tafel{1}
2018-04-29 15:52:29 DEBUG Tafel:28 - created : Tafel{2}
2018-04-29 15:52:29 INFO  Tafel:29 - created : Tafel{2}
2018-04-29 15:52:29 DEBUG Tafel:28 - created : Tafel{3}
2018-04-29 15:52:29 INFO  Tafel:29 - created : Tafel{3}
2018-04-29 15:52:29 DEBUG Tafel:28 - created : Tafel{4}
2018-04-29 15:52:29 INFO  Tafel:29 - created : Tafel{4}
2018-04-29 15:52:29 DEBUG Tafel:28 - created : Tafel{5}
2018-04-29 15:52:29 INFO  Tafel:29 - created : Tafel{5}
2018-04-29 15:52:29 DEBUG Tafel:28 - created : Tafel{6}
2018-04-29 15:52:29 INFO  Tafel:29 - created : Tafel{6}
2018-04-29 15:52:29 DEBUG Consumption:70 - created : Consumption{naam='Cola'; prijs= 2,40; aantal=1}
2018-04-29 15:52:29 INFO  Consumption:71 - created : Consumption{naam='Cola'; prijs= 2,40; aantal=1}
2018-04-29 15:52:29 DEBUG Ober:35 - created : Ober{naam='Peters', voornaam='Wout'}
2018-04-29 15:52:29 INFO  Ober:36 - created : Ober{naam='Peters', voornaam='Wout'}
2018-04-29 15:52:29 DEBUG Consumption:55 - created : Consumption{naam='Cola'; prijs= 2,40; aantal=0}
2018-04-29 15:52:29 INFO  Consumption:56 - created : Consumption{naam='Cola'; prijs= 2,40; aantal=0}
2018-04-29 15:52:29 DEBUG Consumption:55 - created : Consumption{naam='Leffe'; prijs= 3,00; aantal=0}
2018-04-29 15:52:29 INFO  Consumption:56 - created : Consumption{naam='Leffe'; prijs= 3,00; aantal=0}
2018-04-29 15:52:29 DEBUG Consumption:55 - created : Consumption{naam='Koffie'; prijs= 2,40; aantal=0}
2018-04-29 15:52:29 INFO  Consumption:56 - created : Consumption{naam='Koffie'; prijs= 2,40; aantal=0}
2018-04-29 15:52:29 DEBUG Consumption:55 - created : Consumption{naam='Cola-Light'; prijs= 2,40; aantal=0}
2018-04-29 15:52:29 INFO  Consumption:56 - created : Consumption{naam='Cola-Light'; prijs= 2,40; aantal=0}
2018-04-29 15:52:29 DEBUG Consumption:55 - created : Consumption{naam='Whisky'; prijs= 12,00; aantal=0}
2018-04-29 15:52:29 INFO  Consumption:56 - created : Consumption{naam='Whisky'; prijs= 12,00; aantal=0}
2018-04-29 15:52:29 DEBUG Consumption:55 - created : Consumption{naam='Thee'; prijs= 2,40; aantal=0}
2018-04-29 15:52:29 INFO  Consumption:56 - created : Consumption{naam='Thee'; prijs= 2,40; aantal=0}
2018-04-29 15:52:29 DEBUG Consumption:55 - created : Consumption{naam='Spa'; prijs= 2,40; aantal=0}
2018-04-29 15:52:29 INFO  Consumption:56 - created : Consumption{naam='Spa'; prijs= 2,40; aantal=0}
2018-04-29 15:52:29 DEBUG Consumption:55 - created : Consumption{naam='Westmalle'; prijs= 3,00; aantal=0}
2018-04-29 15:52:29 INFO  Consumption:56 - created : Consumption{naam='Westmalle'; prijs= 3,00; aantal=0}
2018-04-29 15:52:29 DEBUG Consumption:55 - created : Consumption{naam='Hoegaarden'; prijs= 2,70; aantal=0}
2018-04-29 15:52:29 INFO  Consumption:56 - created : Consumption{naam='Hoegaarden'; prijs= 2,70; aantal=0}
2018-04-29 15:52:29 DEBUG Consumption:55 - created : Consumption{naam='Duvel'; prijs= 3,20; aantal=0}
2018-04-29 15:52:29 INFO  Consumption:56 - created : Consumption{naam='Duvel'; prijs= 3,20; aantal=0}
2018-04-29 15:52:29 DEBUG Consumption:55 - created : Consumption{naam='Stella'; prijs= 2,20; aantal=0}
2018-04-29 15:52:29 INFO  Consumption:56 - created : Consumption{naam='Stella'; prijs= 2,20; aantal=0}
2018-04-29 15:52:29 DEBUG Consumption:55 - created : Consumption{naam='Chocomelk'; prijs= 2,50; aantal=0}
2018-04-29 15:52:29 INFO  Consumption:56 - created : Consumption{naam='Chocomelk'; prijs= 2,50; aantal=0}
2018-04-29 15:52:29 DEBUG Consumption:55 - created : Consumption{naam='Tonic'; prijs= 2,40; aantal=0}
2018-04-29 15:52:29 INFO  Consumption:56 - created : Consumption{naam='Tonic'; prijs= 2,40; aantal=0}
2018-04-29 15:52:29 DEBUG Consumption:55 - created : Consumption{naam='Latte'; prijs= 2,80; aantal=0}
2018-04-29 15:52:29 INFO  Consumption:56 - created : Consumption{naam='Latte'; prijs= 2,80; aantal=0}
2018-04-29 15:52:29 DEBUG Consumption:55 - created : Consumption{naam='Fanta'; prijs= 2,40; aantal=0}
2018-04-29 15:52:29 INFO  Consumption:56 - created : Consumption{naam='Fanta'; prijs= 2,40; aantal=0}
2018-04-29 15:52:29 DEBUG Consumption:55 - created : Consumption{naam='Sprite'; prijs= 2,40; aantal=0}
2018-04-29 15:52:29 INFO  Consumption:56 - created : Consumption{naam='Sprite'; prijs= 2,40; aantal=0}
2018-04-29 15:52:29 DEBUG Consumption:55 - created : Consumption{naam='Minute Maid'; prijs= 2,80; aantal=0}
2018-04-29 15:52:29 INFO  Consumption:56 - created : Consumption{naam='Minute Maid'; prijs= 2,80; aantal=0}
2018-04-29 15:52:29 DEBUG Tafel:46 - add consumption to table order
2018-04-29 15:52:29 DEBUG Tafel:46 - add consumption to table order
2018-04-29 15:52:29 DEBUG Tafel:46 - add consumption to table order
2018-04-29 15:52:29 DEBUG Tafel:38 - Check if table has items
2018-04-29 15:52:29 INFO  Tafel:46 - Serialized data is saved in C:\javafiles\ChezJavaFinalExam\src\main\resources\serialize\Tafel.1
2018-04-29 15:52:29 DEBUG Tafel:38 - Check if table has items
2018-04-29 15:52:29 INFO  Tafel:46 - Serialized data is saved in C:\javafiles\ChezJavaFinalExam\src\main\resources\serialize\Tafel.2
2018-04-29 15:52:29 DEBUG Tafel:38 - Check if table has items
2018-04-29 15:52:29 INFO  Tafel:46 - Serialized data is saved in C:\javafiles\ChezJavaFinalExam\src\main\resources\serialize\Tafel.3
2018-04-29 15:52:29 DEBUG Tafel:38 - Check if table has items
2018-04-29 15:52:29 DEBUG Tafel:38 - Check if table has items
2018-04-29 15:52:29 DEBUG Tafel:38 - Check if table has items
2018-04-29 15:52:29 DEBUG Ober:43 - created : Ober{naam='Peters', voornaam='Wout'}
2018-04-29 15:52:29 INFO  Ober:44 - created : Ober{naam='Peters', voornaam='Wout'}
2018-04-29 15:52:29 DEBUG Tafel:28 - created : Tafel{1}
2018-04-29 15:52:29 INFO  Tafel:29 - created : Tafel{1}
2018-04-29 15:52:29 DEBUG Tafel:28 - created : Tafel{2}
2018-04-29 15:52:29 INFO  Tafel:29 - created : Tafel{2}
2018-04-29 15:52:29 DEBUG Tafel:28 - created : Tafel{3}
2018-04-29 15:52:29 INFO  Tafel:29 - created : Tafel{3}
2018-04-29 15:52:29 DEBUG Tafel:28 - created : Tafel{4}
2018-04-29 15:52:29 INFO  Tafel:29 - created : Tafel{4}
2018-04-29 15:52:29 DEBUG Tafel:28 - created : Tafel{5}
2018-04-29 15:52:29 INFO  Tafel:29 - created : Tafel{5}
2018-04-29 15:52:29 DEBUG Tafel:28 - created : Tafel{6}
2018-04-29 15:52:29 INFO  Tafel:29 - created : Tafel{6}
2018-04-29 15:52:29 DEBUG Consumption:70 - created : Consumption{naam='Cola'; prijs= 2,40; aantal=1}
2018-04-29 15:52:29 INFO  Consumption:71 - created : Consumption{naam='Cola'; prijs= 2,40; aantal=1}
2018-04-29 15:52:29 DEBUG Ober:35 - created : Ober{naam='Peters', voornaam='Wout'}
2018-04-29 15:52:29 INFO  Ober:36 - created : Ober{naam='Peters', voornaam='Wout'}
2018-04-29 15:52:29 DEBUG Consumption:55 - created : Consumption{naam='Cola'; prijs= 2,40; aantal=0}
2018-04-29 15:52:29 INFO  Consumption:56 - created : Consumption{naam='Cola'; prijs= 2,40; aantal=0}
2018-04-29 15:52:29 DEBUG Consumption:55 - created : Consumption{naam='Leffe'; prijs= 3,00; aantal=0}
2018-04-29 15:52:29 INFO  Consumption:56 - created : Consumption{naam='Leffe'; prijs= 3,00; aantal=0}
2018-04-29 15:52:29 DEBUG Consumption:55 - created : Consumption{naam='Koffie'; prijs= 2,40; aantal=0}
2018-04-29 15:52:29 INFO  Consumption:56 - created : Consumption{naam='Koffie'; prijs= 2,40; aantal=0}
2018-04-29 15:52:29 DEBUG Consumption:55 - created : Consumption{naam='Cola-Light'; prijs= 2,40; aantal=0}
2018-04-29 15:52:29 INFO  Consumption:56 - created : Consumption{naam='Cola-Light'; prijs= 2,40; aantal=0}
2018-04-29 15:52:29 DEBUG Consumption:55 - created : Consumption{naam='Whisky'; prijs= 12,00; aantal=0}
2018-04-29 15:52:29 INFO  Consumption:56 - created : Consumption{naam='Whisky'; prijs= 12,00; aantal=0}
2018-04-29 15:52:29 DEBUG Consumption:55 - created : Consumption{naam='Thee'; prijs= 2,40; aantal=0}
2018-04-29 15:52:29 INFO  Consumption:56 - created : Consumption{naam='Thee'; prijs= 2,40; aantal=0}
2018-04-29 15:52:29 DEBUG Consumption:55 - created : Consumption{naam='Spa'; prijs= 2,40; aantal=0}
2018-04-29 15:52:29 INFO  Consumption:56 - created : Consumption{naam='Spa'; prijs= 2,40; aantal=0}
2018-04-29 15:52:29 DEBUG Consumption:55 - created : Consumption{naam='Westmalle'; prijs= 3,00; aantal=0}
2018-04-29 15:52:29 INFO  Consumption:56 - created : Consumption{naam='Westmalle'; prijs= 3,00; aantal=0}
2018-04-29 15:52:29 DEBUG Consumption:55 - created : Consumption{naam='Hoegaarden'; prijs= 2,70; aantal=0}
2018-04-29 15:52:29 INFO  Consumption:56 - created : Consumption{naam='Hoegaarden'; prijs= 2,70; aantal=0}
2018-04-29 15:52:29 DEBUG Consumption:55 - created : Consumption{naam='Duvel'; prijs= 3,20; aantal=0}
2018-04-29 15:52:29 INFO  Consumption:56 - created : Consumption{naam='Duvel'; prijs= 3,20; aantal=0}
2018-04-29 15:52:29 DEBUG Consumption:55 - created : Consumption{naam='Stella'; prijs= 2,20; aantal=0}
2018-04-29 15:52:29 INFO  Consumption:56 - created : Consumption{naam='Stella'; prijs= 2,20; aantal=0}
2018-04-29 15:52:29 DEBUG Consumption:55 - created : Consumption{naam='Chocomelk'; prijs= 2,50; aantal=0}
2018-04-29 15:52:29 INFO  Consumption:56 - created : Consumption{naam='Chocomelk'; prijs= 2,50; aantal=0}
2018-04-29 15:52:29 DEBUG Consumption:55 - created : Consumption{naam='Tonic'; prijs= 2,40; aantal=0}
2018-04-29 15:52:29 INFO  Consumption:56 - created : Consumption{naam='Tonic'; prijs= 2,40; aantal=0}
2018-04-29 15:52:29 DEBUG Consumption:55 - created : Consumption{naam='Latte'; prijs= 2,80; aantal=0}
2018-04-29 15:52:29 INFO  Consumption:56 - created : Consumption{naam='Latte'; prijs= 2,80; aantal=0}
2018-04-29 15:52:29 DEBUG Consumption:55 - created : Consumption{naam='Fanta'; prijs= 2,40; aantal=0}
2018-04-29 15:52:29 INFO  Consumption:56 - created : Consumption{naam='Fanta'; prijs= 2,40; aantal=0}
2018-04-29 15:52:29 DEBUG Consumption:55 - created : Consumption{naam='Sprite'; prijs= 2,40; aantal=0}
2018-04-29 15:52:29 INFO  Consumption:56 - created : Consumption{naam='Sprite'; prijs= 2,40; aantal=0}
2018-04-29 15:52:29 DEBUG Consumption:55 - created : Consumption{naam='Minute Maid'; prijs= 2,80; aantal=0}
2018-04-29 15:52:29 INFO  Consumption:56 - created : Consumption{naam='Minute Maid'; prijs= 2,80; aantal=0}
2018-04-29 15:52:29 DEBUG Tafel:46 - add consumption to table order
2018-04-29 15:52:29 DEBUG Ober:43 - created : Ober{naam='Peters', voornaam='Wout'}
2018-04-29 15:52:29 INFO  Ober:44 - created : Ober{naam='Peters', voornaam='Wout'}
2018-04-29 15:52:29 DEBUG Tafel:28 - created : Tafel{1}
2018-04-29 15:52:29 INFO  Tafel:29 - created : Tafel{1}
2018-04-29 15:52:29 DEBUG Tafel:28 - created : Tafel{2}
2018-04-29 15:52:29 INFO  Tafel:29 - created : Tafel{2}
2018-04-29 15:52:29 DEBUG Tafel:28 - created : Tafel{3}
2018-04-29 15:52:29 INFO  Tafel:29 - created : Tafel{3}
2018-04-29 15:52:29 DEBUG Tafel:28 - created : Tafel{4}
2018-04-29 15:52:29 INFO  Tafel:29 - created : Tafel{4}
2018-04-29 15:52:29 DEBUG Tafel:28 - created : Tafel{5}
2018-04-29 15:52:29 INFO  Tafel:29 - created : Tafel{5}
2018-04-29 15:52:29 DEBUG Tafel:28 - created : Tafel{6}
2018-04-29 15:52:29 INFO  Tafel:29 - created : Tafel{6}
2018-04-29 15:52:29 DEBUG Ober:43 - created : Ober{naam='Peters', voornaam='Wout'}
2018-04-29 15:52:29 INFO  Ober:44 - created : Ober{naam='Peters', voornaam='Wout'}
2018-04-29 15:52:29 DEBUG Tafel:28 - created : Tafel{1}
2018-04-29 15:52:29 INFO  Tafel:29 - created : Tafel{1}
2018-04-29 15:52:29 DEBUG Tafel:28 - created : Tafel{2}
2018-04-29 15:52:29 INFO  Tafel:29 - created : Tafel{2}
2018-04-29 15:52:29 DEBUG Tafel:28 - created : Tafel{3}
2018-04-29 15:52:29 INFO  Tafel:29 - created : Tafel{3}
2018-04-29 15:52:29 DEBUG Tafel:28 - created : Tafel{4}
2018-04-29 15:52:29 INFO  Tafel:29 - created : Tafel{4}
2018-04-29 15:52:29 DEBUG Tafel:28 - created : Tafel{5}
2018-04-29 15:52:29 INFO  Tafel:29 - created : Tafel{5}
2018-04-29 15:52:29 DEBUG Tafel:28 - created : Tafel{6}
2018-04-29 15:52:29 INFO  Tafel:29 - created : Tafel{6}
2018-04-29 15:52:29 DEBUG Tafel:28 - created : Tafel{1}
2018-04-29 15:52:29 INFO  Tafel:29 - created : Tafel{1}
2018-04-29 15:52:29 DEBUG Tafel:28 - created : Tafel{2}
2018-04-29 15:52:29 INFO  Tafel:29 - created : Tafel{2}
2018-04-29 15:52:29 DEBUG Tafel:28 - created : Tafel{3}
2018-04-29 15:52:29 INFO  Tafel:29 - created : Tafel{3}
2018-04-29 15:52:29 DEBUG Tafel:28 - created : Tafel{4}
2018-04-29 15:52:29 INFO  Tafel:29 - created : Tafel{4}
2018-04-29 15:52:29 DEBUG Tafel:28 - created : Tafel{5}
2018-04-29 15:52:29 INFO  Tafel:29 - created : Tafel{5}
2018-04-29 15:52:29 DEBUG Tafel:28 - created : Tafel{6}
2018-04-29 15:52:29 INFO  Tafel:29 - created : Tafel{6}
2018-04-29 15:52:29 DEBUG Consumption:70 - created : Consumption{naam='Cola'; prijs= 2,40; aantal=2}
2018-04-29 15:52:29 INFO  Consumption:71 - created : Consumption{naam='Cola'; prijs= 2,40; aantal=2}
2018-04-29 15:52:29 DEBUG Ober:35 - created : Ober{naam='Peters', voornaam='Wout'}
2018-04-29 15:52:29 INFO  Ober:36 - created : Ober{naam='Peters', voornaam='Wout'}
2018-04-29 15:52:29 DEBUG Consumption:55 - created : Consumption{naam='Cola'; prijs= 2,40; aantal=0}
2018-04-29 15:52:29 INFO  Consumption:56 - created : Consumption{naam='Cola'; prijs= 2,40; aantal=0}
2018-04-29 15:52:29 DEBUG Consumption:55 - created : Consumption{naam='Leffe'; prijs= 3,00; aantal=0}
2018-04-29 15:52:29 INFO  Consumption:56 - created : Consumption{naam='Leffe'; prijs= 3,00; aantal=0}
2018-04-29 15:52:29 DEBUG Consumption:55 - created : Consumption{naam='Koffie'; prijs= 2,40; aantal=0}
2018-04-29 15:52:29 INFO  Consumption:56 - created : Consumption{naam='Koffie'; prijs= 2,40; aantal=0}
2018-04-29 15:52:29 DEBUG Consumption:55 - created : Consumption{naam='Cola-Light'; prijs= 2,40; aantal=0}
2018-04-29 15:52:29 INFO  Consumption:56 - created : Consumption{naam='Cola-Light'; prijs= 2,40; aantal=0}
2018-04-29 15:52:29 DEBUG Consumption:55 - created : Consumption{naam='Whisky'; prijs= 12,00; aantal=0}
2018-04-29 15:52:29 INFO  Consumption:56 - created : Consumption{naam='Whisky'; prijs= 12,00; aantal=0}
2018-04-29 15:52:29 DEBUG Consumption:55 - created : Consumption{naam='Thee'; prijs= 2,40; aantal=0}
2018-04-29 15:52:29 INFO  Consumption:56 - created : Consumption{naam='Thee'; prijs= 2,40; aantal=0}
2018-04-29 15:52:29 DEBUG Consumption:55 - created : Consumption{naam='Spa'; prijs= 2,40; aantal=0}
2018-04-29 15:52:29 INFO  Consumption:56 - created : Consumption{naam='Spa'; prijs= 2,40; aantal=0}
2018-04-29 15:52:29 DEBUG Consumption:55 - created : Consumption{naam='Westmalle'; prijs= 3,00; aantal=0}
2018-04-29 15:52:29 INFO  Consumption:56 - created : Consumption{naam='Westmalle'; prijs= 3,00; aantal=0}
2018-04-29 15:52:29 DEBUG Consumption:55 - created : Consumption{naam='Hoegaarden'; prijs= 2,70; aantal=0}
2018-04-29 15:52:29 INFO  Consumption:56 - created : Consumption{naam='Hoegaarden'; prijs= 2,70; aantal=0}
2018-04-29 15:52:29 DEBUG Consumption:55 - created : Consumption{naam='Duvel'; prijs= 3,20; aantal=0}
2018-04-29 15:52:29 INFO  Consumption:56 - created : Consumption{naam='Duvel'; prijs= 3,20; aantal=0}
2018-04-29 15:52:29 DEBUG Consumption:55 - created : Consumption{naam='Stella'; prijs= 2,20; aantal=0}
2018-04-29 15:52:29 INFO  Consumption:56 - created : Consumption{naam='Stella'; prijs= 2,20; aantal=0}
2018-04-29 15:52:29 DEBUG Consumption:55 - created : Consumption{naam='Chocomelk'; prijs= 2,50; aantal=0}
2018-04-29 15:52:29 INFO  Consumption:56 - created : Consumption{naam='Chocomelk'; prijs= 2,50; aantal=0}
2018-04-29 15:52:29 DEBUG Consumption:55 - created : Consumption{naam='Tonic'; prijs= 2,40; aantal=0}
2018-04-29 15:52:29 INFO  Consumption:56 - created : Consumption{naam='Tonic'; prijs= 2,40; aantal=0}
2018-04-29 15:52:29 DEBUG Consumption:55 - created : Consumption{naam='Latte'; prijs= 2,80; aantal=0}
2018-04-29 15:52:29 INFO  Consumption:56 - created : Consumption{naam='Latte'; prijs= 2,80; aantal=0}
2018-04-29 15:52:29 DEBUG Consumption:55 - created : Consumption{naam='Fanta'; prijs= 2,40; aantal=0}
2018-04-29 15:52:29 INFO  Consumption:56 - created : Consumption{naam='Fanta'; prijs= 2,40; aantal=0}
2018-04-29 15:52:29 DEBUG Consumption:55 - created : Consumption{naam='Sprite'; prijs= 2,40; aantal=0}
2018-04-29 15:52:29 INFO  Consumption:56 - created : Consumption{naam='Sprite'; prijs= 2,40; aantal=0}
2018-04-29 15:52:29 DEBUG Consumption:55 - created : Consumption{naam='Minute Maid'; prijs= 2,80; aantal=0}
2018-04-29 15:52:29 INFO  Consumption:56 - created : Consumption{naam='Minute Maid'; prijs= 2,80; aantal=0}
2018-04-29 15:52:29 DEBUG Tafel:46 - add consumption to table order
2018-04-29 15:52:29 DEBUG Tafel:46 - add consumption to table order
2018-04-29 15:52:29 DEBUG Tafel:38 - Check if table has items
2018-04-29 15:52:29 DEBUG Tafel:38 - Check if table has items
2018-04-29 15:52:29 INFO  Tafel:46 - Serialized data is saved in C:\javafiles\ChezJavaFinalExam\src\main\resources\serialize\Tafel.2
2018-04-29 15:52:29 DEBUG Tafel:38 - Check if table has items
2018-04-29 15:52:29 INFO  Tafel:46 - Serialized data is saved in C:\javafiles\ChezJavaFinalExam\src\main\resources\serialize\Tafel.3
2018-04-29 15:52:29 DEBUG Tafel:38 - Check if table has items
2018-04-29 15:52:29 DEBUG Tafel:38 - Check if table has items
2018-04-29 15:52:29 DEBUG Tafel:38 - Check if table has items
2018-04-29 15:52:29 DEBUG Tafel:38 - Check if table has items
2018-04-29 15:52:29 DEBUG Tafel:38 - Check if table has items
2018-04-29 15:52:29 DEBUG Tafel:38 - Check if table has items
2018-04-29 15:52:29 DEBUG Tafel:38 - Check if table has items
2018-04-29 15:52:29 DEBUG Tafel:38 - Check if table has items
2018-04-29 15:52:29 DEBUG Tafel:38 - Check if table has items
2018-04-29 15:52:29 DEBUG Ober:43 - created : Ober{naam='Peters', voornaam='Wout'}
2018-04-29 15:52:29 INFO  Ober:44 - created : Ober{naam='Peters', voornaam='Wout'}
2018-04-29 15:52:29 DEBUG Tafel:28 - created : Tafel{1}
2018-04-29 15:52:29 INFO  Tafel:29 - created : Tafel{1}
2018-04-29 15:52:29 DEBUG Tafel:28 - created : Tafel{2}
2018-04-29 15:52:29 INFO  Tafel:29 - created : Tafel{2}
2018-04-29 15:52:29 DEBUG Tafel:28 - created : Tafel{3}
2018-04-29 15:52:29 INFO  Tafel:29 - created : Tafel{3}
2018-04-29 15:52:29 DEBUG Tafel:28 - created : Tafel{4}
2018-04-29 15:52:29 INFO  Tafel:29 - created : Tafel{4}
2018-04-29 15:52:29 DEBUG Tafel:28 - created : Tafel{5}
2018-04-29 15:52:29 INFO  Tafel:29 - created : Tafel{5}
2018-04-29 15:52:29 DEBUG Tafel:28 - created : Tafel{6}
2018-04-29 15:52:29 INFO  Tafel:29 - created : Tafel{6}
2018-04-29 15:52:29 DEBUG Tafel:28 - created : Tafel{1}
2018-04-29 15:52:29 INFO  Tafel:29 - created : Tafel{1}
2018-04-29 15:52:29 DEBUG Tafel:28 - created : Tafel{2}
2018-04-29 15:52:29 INFO  Tafel:29 - created : Tafel{2}
2018-04-29 15:52:29 DEBUG Tafel:28 - created : Tafel{3}
2018-04-29 15:52:29 INFO  Tafel:29 - created : Tafel{3}
2018-04-29 15:52:29 DEBUG Tafel:28 - created : Tafel{4}
2018-04-29 15:52:29 INFO  Tafel:29 - created : Tafel{4}
2018-04-29 15:52:29 DEBUG Tafel:28 - created : Tafel{5}
2018-04-29 15:52:29 INFO  Tafel:29 - created : Tafel{5}
2018-04-29 15:52:29 DEBUG Tafel:28 - created : Tafel{6}
2018-04-29 15:52:29 INFO  Tafel:29 - created : Tafel{6}
2018-04-29 15:52:29 DEBUG Consumption:70 - created : Consumption{naam='Cola'; prijs= 2,40; aantal=2}
2018-04-29 15:52:29 INFO  Consumption:71 - created : Consumption{naam='Cola'; prijs= 2,40; aantal=2}
2018-04-29 15:52:29 DEBUG Ober:35 - created : Ober{naam='Peters', voornaam='Wout'}
2018-04-29 15:52:29 INFO  Ober:36 - created : Ober{naam='Peters', voornaam='Wout'}
2018-04-29 15:52:29 DEBUG Consumption:55 - created : Consumption{naam='Cola'; prijs= 2,40; aantal=0}
2018-04-29 15:52:29 INFO  Consumption:56 - created : Consumption{naam='Cola'; prijs= 2,40; aantal=0}
2018-04-29 15:52:29 DEBUG Consumption:55 - created : Consumption{naam='Leffe'; prijs= 3,00; aantal=0}
2018-04-29 15:52:29 INFO  Consumption:56 - created : Consumption{naam='Leffe'; prijs= 3,00; aantal=0}
2018-04-29 15:52:29 DEBUG Consumption:55 - created : Consumption{naam='Koffie'; prijs= 2,40; aantal=0}
2018-04-29 15:52:29 INFO  Consumption:56 - created : Consumption{naam='Koffie'; prijs= 2,40; aantal=0}
2018-04-29 15:52:29 DEBUG Consumption:55 - created : Consumption{naam='Cola-Light'; prijs= 2,40; aantal=0}
2018-04-29 15:52:29 INFO  Consumption:56 - created : Consumption{naam='Cola-Light'; prijs= 2,40; aantal=0}
2018-04-29 15:52:29 DEBUG Consumption:55 - created : Consumption{naam='Whisky'; prijs= 12,00; aantal=0}
2018-04-29 15:52:29 INFO  Consumption:56 - created : Consumption{naam='Whisky'; prijs= 12,00; aantal=0}
2018-04-29 15:52:29 DEBUG Consumption:55 - created : Consumption{naam='Thee'; prijs= 2,40; aantal=0}
2018-04-29 15:52:29 INFO  Consumption:56 - created : Consumption{naam='Thee'; prijs= 2,40; aantal=0}
2018-04-29 15:52:29 DEBUG Consumption:55 - created : Consumption{naam='Spa'; prijs= 2,40; aantal=0}
2018-04-29 15:52:29 INFO  Consumption:56 - created : Consumption{naam='Spa'; prijs= 2,40; aantal=0}
2018-04-29 15:52:29 DEBUG Consumption:55 - created : Consumption{naam='Westmalle'; prijs= 3,00; aantal=0}
2018-04-29 15:52:29 INFO  Consumption:56 - created : Consumption{naam='Westmalle'; prijs= 3,00; aantal=0}
2018-04-29 15:52:29 DEBUG Consumption:55 - created : Consumption{naam='Hoegaarden'; prijs= 2,70; aantal=0}
2018-04-29 15:52:29 INFO  Consumption:56 - created : Consumption{naam='Hoegaarden'; prijs= 2,70; aantal=0}
2018-04-29 15:52:29 DEBUG Consumption:55 - created : Consumption{naam='Duvel'; prijs= 3,20; aantal=0}
2018-04-29 15:52:29 INFO  Consumption:56 - created : Consumption{naam='Duvel'; prijs= 3,20; aantal=0}
2018-04-29 15:52:29 DEBUG Consumption:55 - created : Consumption{naam='Stella'; prijs= 2,20; aantal=0}
2018-04-29 15:52:29 INFO  Consumption:56 - created : Consumption{naam='Stella'; prijs= 2,20; aantal=0}
2018-04-29 15:52:29 DEBUG Consumption:55 - created : Consumption{naam='Chocomelk'; prijs= 2,50; aantal=0}
2018-04-29 15:52:29 INFO  Consumption:56 - created : Consumption{naam='Chocomelk'; prijs= 2,50; aantal=0}
2018-04-29 15:52:29 DEBUG Consumption:55 - created : Consumption{naam='Tonic'; prijs= 2,40; aantal=0}
2018-04-29 15:52:29 INFO  Consumption:56 - created : Consumption{naam='Tonic'; prijs= 2,40; aantal=0}
2018-04-29 15:52:29 DEBUG Consumption:55 - created : Consumption{naam='Latte'; prijs= 2,80; aantal=0}
2018-04-29 15:52:29 INFO  Consumption:56 - created : Consumption{naam='Latte'; prijs= 2,80; aantal=0}
2018-04-29 15:52:29 DEBUG Consumption:55 - created : Consumption{naam='Fanta'; prijs= 2,40; aantal=0}
2018-04-29 15:52:29 INFO  Consumption:56 - created : Consumption{naam='Fanta'; prijs= 2,40; aantal=0}
2018-04-29 15:52:29 DEBUG Consumption:55 - created : Consumption{naam='Sprite'; prijs= 2,40; aantal=0}
2018-04-29 15:52:29 INFO  Consumption:56 - created : Consumption{naam='Sprite'; prijs= 2,40; aantal=0}
2018-04-29 15:52:29 DEBUG Consumption:55 - created : Consumption{naam='Minute Maid'; prijs= 2,80; aantal=0}
2018-04-29 15:52:29 INFO  Consumption:56 - created : Consumption{naam='Minute Maid'; prijs= 2,80; aantal=0}
2018-04-29 15:52:29 DEBUG Tafel:46 - add consumption to table order
2018-04-29 15:52:29 DEBUG Tafel:46 - add consumption to table order
2018-04-29 15:52:29 DEBUG Tafel:38 - Check if table has items
2018-04-29 15:52:29 DEBUG Tafel:38 - Check if table has items
2018-04-29 15:52:30 INFO  Tafel:46 - Serialized data is saved in C:\javafiles\ChezJavaFinalExam\src\main\resources\serialize\Tafel.2
2018-04-29 15:52:30 DEBUG Tafel:38 - Check if table has items
2018-04-29 15:52:30 INFO  Tafel:46 - Serialized data is saved in C:\javafiles\ChezJavaFinalExam\src\main\resources\serialize\Tafel.3
2018-04-29 15:52:30 DEBUG Tafel:38 - Check if table has items
2018-04-29 15:52:30 DEBUG Tafel:38 - Check if table has items
2018-04-29 15:52:30 DEBUG Tafel:38 - Check if table has items
2018-04-29 15:52:30 DEBUG Ober:43 - created : Ober{naam='Peters', voornaam='Wout'}
2018-04-29 15:52:30 INFO  Ober:44 - created : Ober{naam='Peters', voornaam='Wout'}
2018-04-29 15:52:30 DEBUG Tafel:28 - created : Tafel{1}
2018-04-29 15:52:30 INFO  Tafel:29 - created : Tafel{1}
2018-04-29 15:52:30 DEBUG Tafel:28 - created : Tafel{2}
2018-04-29 15:52:30 INFO  Tafel:29 - created : Tafel{2}
2018-04-29 15:52:30 DEBUG Tafel:28 - created : Tafel{3}
2018-04-29 15:52:30 INFO  Tafel:29 - created : Tafel{3}
2018-04-29 15:52:30 DEBUG Tafel:28 - created : Tafel{4}
2018-04-29 15:52:30 INFO  Tafel:29 - created : Tafel{4}
2018-04-29 15:52:30 DEBUG Tafel:28 - created : Tafel{5}
2018-04-29 15:52:30 INFO  Tafel:29 - created : Tafel{5}
2018-04-29 15:52:30 DEBUG Tafel:28 - created : Tafel{6}
2018-04-29 15:52:30 INFO  Tafel:29 - created : Tafel{6}
2018-04-29 15:52:30 DEBUG Tafel:28 - created : Tafel{1}
2018-04-29 15:52:30 INFO  Tafel:29 - created : Tafel{1}
2018-04-29 15:52:30 DEBUG Tafel:28 - created : Tafel{2}
2018-04-29 15:52:30 INFO  Tafel:29 - created : Tafel{2}
2018-04-29 15:52:30 DEBUG Tafel:28 - created : Tafel{3}
2018-04-29 15:52:30 INFO  Tafel:29 - created : Tafel{3}
2018-04-29 15:52:30 DEBUG Tafel:28 - created : Tafel{4}
2018-04-29 15:52:30 INFO  Tafel:29 - created : Tafel{4}
2018-04-29 15:52:30 DEBUG Tafel:28 - created : Tafel{5}
2018-04-29 15:52:30 INFO  Tafel:29 - created : Tafel{5}
2018-04-29 15:52:30 DEBUG Tafel:28 - created : Tafel{6}
2018-04-29 15:52:30 INFO  Tafel:29 - created : Tafel{6}
2018-04-29 15:52:30 DEBUG Consumption:70 - created : Consumption{naam='Cola'; prijs= 2,40; aantal=2}
2018-04-29 15:52:30 INFO  Consumption:71 - created : Consumption{naam='Cola'; prijs= 2,40; aantal=2}
2018-04-29 15:52:30 DEBUG Ober:35 - created : Ober{naam='Peters', voornaam='Wout'}
2018-04-29 15:52:30 INFO  Ober:36 - created : Ober{naam='Peters', voornaam='Wout'}
2018-04-29 15:52:30 DEBUG Consumption:55 - created : Consumption{naam='Cola'; prijs= 2,40; aantal=0}
2018-04-29 15:52:30 INFO  Consumption:56 - created : Consumption{naam='Cola'; prijs= 2,40; aantal=0}
2018-04-29 15:52:30 DEBUG Consumption:55 - created : Consumption{naam='Leffe'; prijs= 3,00; aantal=0}
2018-04-29 15:52:30 INFO  Consumption:56 - created : Consumption{naam='Leffe'; prijs= 3,00; aantal=0}
2018-04-29 15:52:30 DEBUG Consumption:55 - created : Consumption{naam='Koffie'; prijs= 2,40; aantal=0}
2018-04-29 15:52:30 INFO  Consumption:56 - created : Consumption{naam='Koffie'; prijs= 2,40; aantal=0}
2018-04-29 15:52:30 DEBUG Consumption:55 - created : Consumption{naam='Cola-Light'; prijs= 2,40; aantal=0}
2018-04-29 15:52:30 INFO  Consumption:56 - created : Consumption{naam='Cola-Light'; prijs= 2,40; aantal=0}
2018-04-29 15:52:30 DEBUG Consumption:55 - created : Consumption{naam='Whisky'; prijs= 12,00; aantal=0}
2018-04-29 15:52:30 INFO  Consumption:56 - created : Consumption{naam='Whisky'; prijs= 12,00; aantal=0}
2018-04-29 15:52:30 DEBUG Consumption:55 - created : Consumption{naam='Thee'; prijs= 2,40; aantal=0}
2018-04-29 15:52:30 INFO  Consumption:56 - created : Consumption{naam='Thee'; prijs= 2,40; aantal=0}
2018-04-29 15:52:30 DEBUG Consumption:55 - created : Consumption{naam='Spa'; prijs= 2,40; aantal=0}
2018-04-29 15:52:30 INFO  Consumption:56 - created : Consumption{naam='Spa'; prijs= 2,40; aantal=0}
2018-04-29 15:52:30 DEBUG Consumption:55 - created : Consumption{naam='Westmalle'; prijs= 3,00; aantal=0}
2018-04-29 15:52:30 INFO  Consumption:56 - created : Consumption{naam='Westmalle'; prijs= 3,00; aantal=0}
2018-04-29 15:52:30 DEBUG Consumption:55 - created : Consumption{naam='Hoegaarden'; prijs= 2,70; aantal=0}
2018-04-29 15:52:30 INFO  Consumption:56 - created : Consumption{naam='Hoegaarden'; prijs= 2,70; aantal=0}
2018-04-29 15:52:30 DEBUG Consumption:55 - created : Consumption{naam='Duvel'; prijs= 3,20; aantal=0}
2018-04-29 15:52:30 INFO  Consumption:56 - created : Consumption{naam='Duvel'; prijs= 3,20; aantal=0}
2018-04-29 15:52:30 DEBUG Consumption:55 - created : Consumption{naam='Stella'; prijs= 2,20; aantal=0}
2018-04-29 15:52:30 INFO  Consumption:56 - created : Consumption{naam='Stella'; prijs= 2,20; aantal=0}
2018-04-29 15:52:30 DEBUG Consumption:55 - created : Consumption{naam='Chocomelk'; prijs= 2,50; aantal=0}
2018-04-29 15:52:30 INFO  Consumption:56 - created : Consumption{naam='Chocomelk'; prijs= 2,50; aantal=0}
2018-04-29 15:52:30 DEBUG Consumption:55 - created : Consumption{naam='Tonic'; prijs= 2,40; aantal=0}
2018-04-29 15:52:30 INFO  Consumption:56 - created : Consumption{naam='Tonic'; prijs= 2,40; aantal=0}
2018-04-29 15:52:30 DEBUG Consumption:55 - created : Consumption{naam='Latte'; prijs= 2,80; aantal=0}
2018-04-29 15:52:30 INFO  Consumption:56 - created : Consumption{naam='Latte'; prijs= 2,80; aantal=0}
2018-04-29 15:52:30 DEBUG Consumption:55 - created : Consumption{naam='Fanta'; prijs= 2,40; aantal=0}
2018-04-29 15:52:30 INFO  Consumption:56 - created : Consumption{naam='Fanta'; prijs= 2,40; aantal=0}
2018-04-29 15:52:30 DEBUG Consumption:55 - created : Consumption{naam='Sprite'; prijs= 2,40; aantal=0}
2018-04-29 15:52:30 INFO  Consumption:56 - created : Consumption{naam='Sprite'; prijs= 2,40; aantal=0}
2018-04-29 15:52:30 DEBUG Consumption:55 - created : Consumption{naam='Minute Maid'; prijs= 2,80; aantal=0}
2018-04-29 15:52:30 INFO  Consumption:56 - created : Consumption{naam='Minute Maid'; prijs= 2,80; aantal=0}
2018-04-29 15:52:30 DEBUG Tafel:46 - add consumption to table order
2018-04-29 15:52:30 DEBUG Tafel:46 - add consumption to table order
2018-04-29 15:52:30 DEBUG Tafel:38 - Check if table has items
2018-04-29 15:52:30 DEBUG Tafel:38 - Check if table has items
2018-04-29 15:52:30 INFO  Tafel:46 - Serialized data is saved in C:\javafiles\ChezJavaFinalExam\src\main\resources\serialize\Tafel.2
2018-04-29 15:52:30 DEBUG Tafel:38 - Check if table has items
2018-04-29 15:52:30 INFO  Tafel:46 - Serialized data is saved in C:\javafiles\ChezJavaFinalExam\src\main\resources\serialize\Tafel.3
2018-04-29 15:52:30 DEBUG Tafel:38 - Check if table has items
2018-04-29 15:52:30 DEBUG Tafel:38 - Check if table has items
2018-04-29 15:52:30 DEBUG Tafel:38 - Check if table has items
2018-04-29 15:52:30 DEBUG Ober:43 - created : Ober{naam='Peters', voornaam='Wout'}
2018-04-29 15:52:30 INFO  Ober:44 - created : Ober{naam='Peters', voornaam='Wout'}
2018-04-29 15:52:30 DEBUG Tafel:28 - created : Tafel{1}
2018-04-29 15:52:30 INFO  Tafel:29 - created : Tafel{1}
2018-04-29 15:52:30 DEBUG Tafel:28 - created : Tafel{2}
2018-04-29 15:52:30 INFO  Tafel:29 - created : Tafel{2}
2018-04-29 15:52:30 DEBUG Tafel:28 - created : Tafel{3}
2018-04-29 15:52:30 INFO  Tafel:29 - created : Tafel{3}
2018-04-29 15:52:30 DEBUG Tafel:28 - created : Tafel{4}
2018-04-29 15:52:30 INFO  Tafel:29 - created : Tafel{4}
2018-04-29 15:52:30 DEBUG Tafel:28 - created : Tafel{5}
2018-04-29 15:52:30 INFO  Tafel:29 - created : Tafel{5}
2018-04-29 15:52:30 DEBUG Tafel:28 - created : Tafel{6}
2018-04-29 15:52:30 INFO  Tafel:29 - created : Tafel{6}
2018-04-29 15:52:30 DEBUG Tafel:28 - created : Tafel{1}
2018-04-29 15:52:30 INFO  Tafel:29 - created : Tafel{1}
2018-04-29 15:52:30 DEBUG Tafel:28 - created : Tafel{2}
2018-04-29 15:52:30 INFO  Tafel:29 - created : Tafel{2}
2018-04-29 15:52:30 DEBUG Tafel:28 - created : Tafel{3}
2018-04-29 15:52:30 INFO  Tafel:29 - created : Tafel{3}
2018-04-29 15:52:30 DEBUG Tafel:28 - created : Tafel{4}
2018-04-29 15:52:30 INFO  Tafel:29 - created : Tafel{4}
2018-04-29 15:52:30 DEBUG Tafel:28 - created : Tafel{5}
2018-04-29 15:52:30 INFO  Tafel:29 - created : Tafel{5}
2018-04-29 15:52:30 DEBUG Tafel:28 - created : Tafel{6}
2018-04-29 15:52:30 INFO  Tafel:29 - created : Tafel{6}
2018-04-29 15:52:30 DEBUG Consumption:70 - created : Consumption{naam='Cola'; prijs= 2,40; aantal=2}
2018-04-29 15:52:30 INFO  Consumption:71 - created : Consumption{naam='Cola'; prijs= 2,40; aantal=2}
2018-04-29 15:52:30 DEBUG Ober:35 - created : Ober{naam='Peters', voornaam='Wout'}
2018-04-29 15:52:30 INFO  Ober:36 - created : Ober{naam='Peters', voornaam='Wout'}
2018-04-29 15:52:30 DEBUG Consumption:55 - created : Consumption{naam='Cola'; prijs= 2,40; aantal=0}
2018-04-29 15:52:30 INFO  Consumption:56 - created : Consumption{naam='Cola'; prijs= 2,40; aantal=0}
2018-04-29 15:52:30 DEBUG Consumption:55 - created : Consumption{naam='Leffe'; prijs= 3,00; aantal=0}
2018-04-29 15:52:30 INFO  Consumption:56 - created : Consumption{naam='Leffe'; prijs= 3,00; aantal=0}
2018-04-29 15:52:30 DEBUG Consumption:55 - created : Consumption{naam='Koffie'; prijs= 2,40; aantal=0}
2018-04-29 15:52:30 INFO  Consumption:56 - created : Consumption{naam='Koffie'; prijs= 2,40; aantal=0}
2018-04-29 15:52:30 DEBUG Consumption:55 - created : Consumption{naam='Cola-Light'; prijs= 2,40; aantal=0}
2018-04-29 15:52:30 INFO  Consumption:56 - created : Consumption{naam='Cola-Light'; prijs= 2,40; aantal=0}
2018-04-29 15:52:30 DEBUG Consumption:55 - created : Consumption{naam='Whisky'; prijs= 12,00; aantal=0}
2018-04-29 15:52:30 INFO  Consumption:56 - created : Consumption{naam='Whisky'; prijs= 12,00; aantal=0}
2018-04-29 15:52:30 DEBUG Consumption:55 - created : Consumption{naam='Thee'; prijs= 2,40; aantal=0}
2018-04-29 15:52:30 INFO  Consumption:56 - created : Consumption{naam='Thee'; prijs= 2,40; aantal=0}
2018-04-29 15:52:30 DEBUG Consumption:55 - created : Consumption{naam='Spa'; prijs= 2,40; aantal=0}
2018-04-29 15:52:30 INFO  Consumption:56 - created : Consumption{naam='Spa'; prijs= 2,40; aantal=0}
2018-04-29 15:52:30 DEBUG Consumption:55 - created : Consumption{naam='Westmalle'; prijs= 3,00; aantal=0}
2018-04-29 15:52:30 INFO  Consumption:56 - created : Consumption{naam='Westmalle'; prijs= 3,00; aantal=0}
2018-04-29 15:52:30 DEBUG Consumption:55 - created : Consumption{naam='Hoegaarden'; prijs= 2,70; aantal=0}
2018-04-29 15:52:30 INFO  Consumption:56 - created : Consumption{naam='Hoegaarden'; prijs= 2,70; aantal=0}
2018-04-29 15:52:30 DEBUG Consumption:55 - created : Consumption{naam='Duvel'; prijs= 3,20; aantal=0}
2018-04-29 15:52:30 INFO  Consumption:56 - created : Consumption{naam='Duvel'; prijs= 3,20; aantal=0}
2018-04-29 15:52:30 DEBUG Consumption:55 - created : Consumption{naam='Stella'; prijs= 2,20; aantal=0}
2018-04-29 15:52:30 INFO  Consumption:56 - created : Consumption{naam='Stella'; prijs= 2,20; aantal=0}
2018-04-29 15:52:30 DEBUG Consumption:55 - created : Consumption{naam='Chocomelk'; prijs= 2,50; aantal=0}
2018-04-29 15:52:30 INFO  Consumption:56 - created : Consumption{naam='Chocomelk'; prijs= 2,50; aantal=0}
2018-04-29 15:52:30 DEBUG Consumption:55 - created : Consumption{naam='Tonic'; prijs= 2,40; aantal=0}
2018-04-29 15:52:30 INFO  Consumption:56 - created : Consumption{naam='Tonic'; prijs= 2,40; aantal=0}
2018-04-29 15:52:30 DEBUG Consumption:55 - created : Consumption{naam='Latte'; prijs= 2,80; aantal=0}
2018-04-29 15:52:30 INFO  Consumption:56 - created : Consumption{naam='Latte'; prijs= 2,80; aantal=0}
2018-04-29 15:52:30 DEBUG Consumption:55 - created : Consumption{naam='Fanta'; prijs= 2,40; aantal=0}
2018-04-29 15:52:30 INFO  Consumption:56 - created : Consumption{naam='Fanta'; prijs= 2,40; aantal=0}
2018-04-29 15:52:30 DEBUG Consumption:55 - created : Consumption{naam='Sprite'; prijs= 2,40; aantal=0}
2018-04-29 15:52:30 INFO  Consumption:56 - created : Consumption{naam='Sprite'; prijs= 2,40; aantal=0}
2018-04-29 15:52:30 DEBUG Consumption:55 - created : Consumption{naam='Minute Maid'; prijs= 2,80; aantal=0}
2018-04-29 15:52:30 INFO  Consumption:56 - created : Consumption{naam='Minute Maid'; prijs= 2,80; aantal=0}
2018-04-29 15:52:30 DEBUG Tafel:46 - add consumption to table order
2018-04-29 15:52:30 DEBUG Tafel:46 - add consumption to table order
2018-04-29 15:52:30 DEBUG Tafel:38 - Check if table has items
2018-04-29 15:52:30 DEBUG Tafel:38 - Check if table has items
2018-04-29 15:52:30 INFO  Tafel:46 - Serialized data is saved in C:\javafiles\ChezJavaFinalExam\src\main\resources\serialize\Tafel.2
2018-04-29 15:52:30 DEBUG Tafel:38 - Check if table has items
2018-04-29 15:52:30 INFO  Tafel:46 - Serialized data is saved in C:\javafiles\ChezJavaFinalExam\src\main\resources\serialize\Tafel.3
2018-04-29 15:52:30 DEBUG Tafel:38 - Check if table has items
2018-04-29 15:52:30 DEBUG Tafel:38 - Check if table has items
2018-04-29 15:52:30 DEBUG Tafel:38 - Check if table has items
2018-04-29 15:52:30 DEBUG DeSerializer:32 - Tafel.2 is deleted!
2018-04-29 15:52:30 DEBUG DeSerializer:32 - Tafel.3 is deleted!
2018-04-29 15:52:30 DEBUG Tafel:38 - Check if table has items
2018-04-29 15:52:30 DEBUG Tafel:38 - Check if table has items
2018-04-29 15:52:30 DEBUG Tafel:38 - Check if table has items
2018-04-29 15:52:30 DEBUG Tafel:38 - Check if table has items
2018-04-29 15:52:30 DEBUG Tafel:38 - Check if table has items
2018-04-29 15:52:30 DEBUG Tafel:38 - Check if table has items
2018-04-29 15:52:30 DEBUG Ober:43 - created : Ober{naam='Peters', voornaam='Wout'}
2018-04-29 15:52:30 INFO  Ober:44 - created : Ober{naam='Peters', voornaam='Wout'}
2018-04-29 15:52:30 DEBUG Tafel:28 - created : Tafel{1}
2018-04-29 15:52:30 INFO  Tafel:29 - created : Tafel{1}
2018-04-29 15:52:30 DEBUG Tafel:28 - created : Tafel{2}
2018-04-29 15:52:30 INFO  Tafel:29 - created : Tafel{2}
2018-04-29 15:52:30 DEBUG Tafel:28 - created : Tafel{3}
2018-04-29 15:52:30 INFO  Tafel:29 - created : Tafel{3}
2018-04-29 15:52:30 DEBUG Tafel:28 - created : Tafel{4}
2018-04-29 15:52:30 INFO  Tafel:29 - created : Tafel{4}
2018-04-29 15:52:30 DEBUG Tafel:28 - created : Tafel{5}
2018-04-29 15:52:30 INFO  Tafel:29 - created : Tafel{5}
2018-04-29 15:52:30 DEBUG Tafel:28 - created : Tafel{6}
2018-04-29 15:52:30 INFO  Tafel:29 - created : Tafel{6}
2018-04-29 15:52:30 DEBUG Tafel:28 - created : Tafel{1}
2018-04-29 15:52:30 INFO  Tafel:29 - created : Tafel{1}
2018-04-29 15:52:30 DEBUG Tafel:28 - created : Tafel{2}
2018-04-29 15:52:30 INFO  Tafel:29 - created : Tafel{2}
2018-04-29 15:52:30 DEBUG Tafel:28 - created : Tafel{3}
2018-04-29 15:52:30 INFO  Tafel:29 - created : Tafel{3}
2018-04-29 15:52:30 DEBUG Tafel:28 - created : Tafel{4}
2018-04-29 15:52:30 INFO  Tafel:29 - created : Tafel{4}
2018-04-29 15:52:30 DEBUG Tafel:28 - created : Tafel{5}
2018-04-29 15:52:30 INFO  Tafel:29 - created : Tafel{5}
2018-04-29 15:52:30 DEBUG Tafel:28 - created : Tafel{6}
2018-04-29 15:52:30 INFO  Tafel:29 - created : Tafel{6}
2018-04-29 15:52:30 DEBUG Consumption:70 - created : Consumption{naam='Cola'; prijs= 2,40; aantal=2}
2018-04-29 15:52:30 INFO  Consumption:71 - created : Consumption{naam='Cola'; prijs= 2,40; aantal=2}
2018-04-29 15:52:30 DEBUG Ober:35 - created : Ober{naam='Peters', voornaam='Wout'}
2018-04-29 15:52:30 INFO  Ober:36 - created : Ober{naam='Peters', voornaam='Wout'}
2018-04-29 15:52:30 DEBUG Consumption:55 - created : Consumption{naam='Cola'; prijs= 2,40; aantal=0}
2018-04-29 15:52:30 INFO  Consumption:56 - created : Consumption{naam='Cola'; prijs= 2,40; aantal=0}
2018-04-29 15:52:30 DEBUG Consumption:55 - created : Consumption{naam='Leffe'; prijs= 3,00; aantal=0}
2018-04-29 15:52:30 INFO  Consumption:56 - created : Consumption{naam='Leffe'; prijs= 3,00; aantal=0}
2018-04-29 15:52:30 DEBUG Consumption:55 - created : Consumption{naam='Koffie'; prijs= 2,40; aantal=0}
2018-04-29 15:52:30 INFO  Consumption:56 - created : Consumption{naam='Koffie'; prijs= 2,40; aantal=0}
2018-04-29 15:52:30 DEBUG Consumption:55 - created : Consumption{naam='Cola-Light'; prijs= 2,40; aantal=0}
2018-04-29 15:52:30 INFO  Consumption:56 - created : Consumption{naam='Cola-Light'; prijs= 2,40; aantal=0}
2018-04-29 15:52:30 DEBUG Consumption:55 - created : Consumption{naam='Whisky'; prijs= 12,00; aantal=0}
2018-04-29 15:52:30 INFO  Consumption:56 - created : Consumption{naam='Whisky'; prijs= 12,00; aantal=0}
2018-04-29 15:52:30 DEBUG Consumption:55 - created : Consumption{naam='Thee'; prijs= 2,40; aantal=0}
2018-04-29 15:52:30 INFO  Consumption:56 - created : Consumption{naam='Thee'; prijs= 2,40; aantal=0}
2018-04-29 15:52:30 DEBUG Consumption:55 - created : Consumption{naam='Spa'; prijs= 2,40; aantal=0}
2018-04-29 15:52:30 INFO  Consumption:56 - created : Consumption{naam='Spa'; prijs= 2,40; aantal=0}
2018-04-29 15:52:30 DEBUG Consumption:55 - created : Consumption{naam='Westmalle'; prijs= 3,00; aantal=0}
2018-04-29 15:52:30 INFO  Consumption:56 - created : Consumption{naam='Westmalle'; prijs= 3,00; aantal=0}
2018-04-29 15:52:30 DEBUG Consumption:55 - created : Consumption{naam='Hoegaarden'; prijs= 2,70; aantal=0}
2018-04-29 15:52:30 INFO  Consumption:56 - created : Consumption{naam='Hoegaarden'; prijs= 2,70; aantal=0}
2018-04-29 15:52:30 DEBUG Consumption:55 - created : Consumption{naam='Duvel'; prijs= 3,20; aantal=0}
2018-04-29 15:52:30 INFO  Consumption:56 - created : Consumption{naam='Duvel'; prijs= 3,20; aantal=0}
2018-04-29 15:52:30 DEBUG Consumption:55 - created : Consumption{naam='Stella'; prijs= 2,20; aantal=0}
2018-04-29 15:52:30 INFO  Consumption:56 - created : Consumption{naam='Stella'; prijs= 2,20; aantal=0}
2018-04-29 15:52:30 DEBUG Consumption:55 - created : Consumption{naam='Chocomelk'; prijs= 2,50; aantal=0}
2018-04-29 15:52:30 INFO  Consumption:56 - created : Consumption{naam='Chocomelk'; prijs= 2,50; aantal=0}
2018-04-29 15:52:30 DEBUG Consumption:55 - created : Consumption{naam='Tonic'; prijs= 2,40; aantal=0}
2018-04-29 15:52:30 INFO  Consumption:56 - created : Consumption{naam='Tonic'; prijs= 2,40; aantal=0}
2018-04-29 15:52:30 DEBUG Consumption:55 - created : Consumption{naam='Latte'; prijs= 2,80; aantal=0}
2018-04-29 15:52:30 INFO  Consumption:56 - created : Consumption{naam='Latte'; prijs= 2,80; aantal=0}
2018-04-29 15:52:30 DEBUG Consumption:55 - created : Consumption{naam='Fanta'; prijs= 2,40; aantal=0}
2018-04-29 15:52:30 INFO  Consumption:56 - created : Consumption{naam='Fanta'; prijs= 2,40; aantal=0}
2018-04-29 15:52:30 DEBUG Consumption:55 - created : Consumption{naam='Sprite'; prijs= 2,40; aantal=0}
2018-04-29 15:52:30 INFO  Consumption:56 - created : Consumption{naam='Sprite'; prijs= 2,40; aantal=0}
2018-04-29 15:52:30 DEBUG Consumption:55 - created : Consumption{naam='Minute Maid'; prijs= 2,80; aantal=0}
2018-04-29 15:52:30 INFO  Consumption:56 - created : Consumption{naam='Minute Maid'; prijs= 2,80; aantal=0}
2018-04-29 15:52:30 DEBUG Tafel:46 - add consumption to table order
2018-04-29 15:52:30 DEBUG Tafel:46 - add consumption to table order
2018-04-29 15:52:30 DEBUG Tafel:38 - Check if table has items
2018-04-29 15:52:30 DEBUG Tafel:38 - Check if table has items
2018-04-29 15:52:30 INFO  Tafel:46 - Serialized data is saved in C:\javafiles\ChezJavaFinalExam\src\main\resources\serialize\Tafel.2
2018-04-29 15:52:30 DEBUG Tafel:38 - Check if table has items
2018-04-29 15:52:30 INFO  Tafel:46 - Serialized data is saved in C:\javafiles\ChezJavaFinalExam\src\main\resources\serialize\Tafel.3
2018-04-29 15:52:30 DEBUG Tafel:38 - Check if table has items
2018-04-29 15:52:30 DEBUG Tafel:38 - Check if table has items
2018-04-29 15:52:30 DEBUG Tafel:38 - Check if table has items
2018-04-29 15:52:30 DEBUG DeSerializer:32 - Tafel.2 is deleted!
2018-04-29 15:52:30 DEBUG DeSerializer:32 - Tafel.3 is deleted!
2018-04-29 15:52:30 DEBUG Tafel:38 - Check if table has items
2018-04-29 15:52:30 DEBUG Tafel:38 - Check if table has items
2018-04-29 15:52:30 DEBUG Tafel:38 - Check if table has items
2018-04-29 15:52:30 DEBUG Tafel:38 - Check if table has items
2018-04-29 15:52:30 DEBUG Tafel:38 - Check if table has items
2018-04-29 15:52:30 DEBUG Tafel:38 - Check if table has items
