2018-04-30 12:24:29 DEBUG email:90 - mail sent
2018-04-30 12:26:55 DEBUG email:90 - mail sent
2018-04-30 12:34:30 DEBUG email:90 - mail sent
2018-04-30 12:34:32 DEBUG email:90 - mail sent
2018-04-30 12:34:36 DEBUG email:90 - mail sent
2018-04-30 12:34:38 DEBUG email:90 - mail sent
2018-04-30 12:34:41 DEBUG email:90 - mail sent
2018-05-04 19:53:45 DEBUG email:89 - mail sent with titelTotal waiter by day
2018-05-04 20:38:51 DEBUG email:89 - mail sent with titelTotal waiter by day
2018-05-10 07:53:42 DEBUG email:89 - mail sent with titelTotal waiter by day
2018-05-10 07:54:35 DEBUG email:89 - mail sent with titelTotal waiter by day
2018-05-10 07:54:41 DEBUG email:89 - mail sent with titelTotal by waiter
2018-05-10 07:59:35 DEBUG email:89 - mail sent with titelTotal Sales by Waiters
2018-05-10 08:09:32 DEBUG email:89 - mail sent with titelTotal by waiter
2018-05-10 08:09:36 DEBUG email:89 - mail sent with titelTop 3 Waiters
2018-05-10 08:09:39 DEBUG email:89 - mail sent with titelTop 3 Waiters
2018-05-10 08:09:42 DEBUG email:89 - mail sent with titelTotal Sales by Waiters
2018-05-10 08:09:44 DEBUG email:89 - mail sent with titelTotal Sales by Waiters
2018-05-10 08:09:56 DEBUG email:89 - mail sent with titelTotal waiter by day
2018-05-10 08:10:16 DEBUG email:89 - mail sent with titelTotal by waiter
2018-05-10 08:10:25 DEBUG email:89 - mail sent with titelTop 3 Waiters
2018-05-10 08:10:28 DEBUG email:89 - mail sent with titelTotal Sales by Waiters
2018-05-10 08:10:30 DEBUG email:89 - mail sent with titelTotal Sales by Waiters
2018-05-10 08:10:33 DEBUG email:89 - mail sent with titelTotal waiter by day
2018-05-10 08:10:36 DEBUG email:89 - mail sent with titelTotal waiter by day
2018-05-10 08:12:56 DEBUG email:89 - mail sent with titelTop 3 Waiters
2018-05-10 08:13:00 DEBUG email:89 - mail sent with titelTotal Sales by Waiters
2018-05-10 08:13:03 DEBUG email:89 - mail sent with titelTotal waiter by day
2018-05-10 08:15:23 DEBUG email:89 - mail sent with titelTotal waiter by day
2018-05-10 08:28:00 DEBUG email:89 - mail sent with titelTotal waiter by day
2018-05-10 09:26:26 DEBUG email:89 - mail sent with titelTotal waiter by day
2018-05-10 09:46:11 DEBUG email:89 - mail sent with titelTotal by waiter
2018-05-10 09:46:15 DEBUG email:89 - mail sent with titelTop 3 Waiters
2018-05-10 09:46:17 DEBUG email:89 - mail sent with titelTop 3 Waiters
2018-05-10 09:46:20 DEBUG email:89 - mail sent with titelTotal Sales by Waiters
2018-05-10 09:46:23 DEBUG email:89 - mail sent with titelTotal waiter by day
2018-05-10 09:47:04 DEBUG email:89 - mail sent with titelTotal by waiter
2018-05-10 09:47:21 DEBUG email:89 - mail sent with titelTop 3 Waiters
2018-05-10 09:47:32 DEBUG email:89 - mail sent with titelTotal Sales by Waiters
2018-05-10 09:47:40 DEBUG email:89 - mail sent with titelTotal waiter by day
2018-05-10 09:48:42 DEBUG email:89 - mail sent with titelTop 3 Waiters
2018-05-10 09:51:24 DEBUG email:89 - mail sent with titelTotal by waiter
2018-05-10 09:51:27 DEBUG email:89 - mail sent with titelTop 3 Waiters
2018-05-10 09:51:31 DEBUG email:89 - mail sent with titelTotal Sales by Waiters
2018-05-10 09:51:34 DEBUG email:89 - mail sent with titelTotal waiter by day
