2018-05-21 09:56:14 DEBUG frontend:87 - oproepen order window zonder ingelogd te zijn
2018-05-21 09:56:15 DEBUG frontend:238 - reeds gevuld door andere ober
2018-05-21 09:56:15 DEBUG frontend:238 - reeds gevuld door andere ober
2018-05-21 09:56:15 DEBUG frontend:248 - tafel wisselen naar tafel:3
2018-05-21 09:56:15 DEBUG frontend:279 - On exit - serial table: 3
2018-05-21 09:56:15 DEBUG frontend:124 - system shutdown on: 2018-05-21T09:56:15.303
2018-05-21 09:56:15 DEBUG frontend:248 - tafel wisselen naar tafel:3
2018-05-21 09:56:15 DEBUG frontend:279 - On exit - serial table: 3
2018-05-21 09:56:15 DEBUG frontend:124 - system shutdown on: 2018-05-21T09:56:15.319
2018-05-21 09:56:15 DEBUG frontend:248 - tafel wisselen naar tafel:3
2018-05-21 09:56:15 DEBUG frontend:248 - tafel wisselen naar tafel:3
2018-05-21 09:56:15 DEBUG frontend:248 - tafel wisselen naar tafel:1
2018-05-21 09:56:15 DEBUG frontend:248 - tafel wisselen naar tafel:2
2018-05-21 09:56:15 DEBUG frontend:279 - On exit - serial table: 1
2018-05-21 09:56:15 DEBUG frontend:279 - On exit - serial table: 2
2018-05-21 09:56:15 DEBUG frontend:279 - On exit - serial table: 3
2018-05-21 09:56:15 DEBUG frontend:124 - system shutdown on: 2018-05-21T09:56:15.397
2018-05-21 09:56:15 DEBUG frontend:248 - tafel wisselen naar tafel:3
2018-05-21 09:56:15 DEBUG frontend:248 - tafel wisselen naar tafel:3
2018-05-21 09:56:15 DEBUG frontend:248 - tafel wisselen naar tafel:2
2018-05-21 09:56:15 DEBUG frontend:279 - On exit - serial table: 2
2018-05-21 09:56:15 DEBUG frontend:279 - On exit - serial table: 3
2018-05-21 09:56:15 DEBUG frontend:124 - system shutdown on: 2018-05-21T09:56:15.460
2018-05-21 09:56:15 DEBUG frontend:248 - tafel wisselen naar tafel:3
2018-05-21 09:56:15 DEBUG frontend:248 - tafel wisselen naar tafel:2
2018-05-21 09:56:15 DEBUG frontend:279 - On exit - serial table: 2
2018-05-21 09:56:15 DEBUG frontend:279 - On exit - serial table: 3
2018-05-21 09:56:15 DEBUG frontend:124 - system shutdown on: 2018-05-21T09:56:15.491
2018-05-21 09:56:15 DEBUG frontend:248 - tafel wisselen naar tafel:3
2018-05-21 09:56:15 DEBUG frontend:248 - tafel wisselen naar tafel:2
2018-05-21 09:56:15 DEBUG frontend:279 - On exit - serial table: 2
2018-05-21 09:56:15 DEBUG frontend:279 - On exit - serial table: 3
2018-05-21 09:56:15 DEBUG frontend:124 - system shutdown on: 2018-05-21T09:56:15.507
2018-05-21 09:56:15 DEBUG frontend:248 - tafel wisselen naar tafel:3
2018-05-21 09:56:15 DEBUG frontend:248 - tafel wisselen naar tafel:2
2018-05-21 09:56:15 DEBUG frontend:279 - On exit - serial table: 2
2018-05-21 09:56:15 DEBUG frontend:279 - On exit - serial table: 3
2018-05-21 09:56:15 DEBUG frontend:124 - system shutdown on: 2018-05-21T09:56:15.694
2018-05-21 09:56:15 DEBUG frontend:248 - tafel wisselen naar tafel:3
2018-05-21 09:56:15 DEBUG frontend:248 - tafel wisselen naar tafel:2
2018-05-21 09:56:15 DEBUG frontend:279 - On exit - serial table: 2
2018-05-21 09:56:15 DEBUG frontend:279 - On exit - serial table: 3
2018-05-21 09:56:15 DEBUG frontend:124 - system shutdown on: 2018-05-21T09:56:15.741
2018-05-21 09:56:15 DEBUG frontend:248 - tafel wisselen naar tafel:3
2018-05-21 09:56:15 DEBUG frontend:248 - tafel wisselen naar tafel:2
2018-05-21 09:56:15 DEBUG frontend:279 - On exit - serial table: 2
2018-05-21 09:56:15 DEBUG frontend:279 - On exit - serial table: 3
2018-05-21 09:56:15 DEBUG frontend:124 - system shutdown on: 2018-05-21T09:56:15.757
2018-05-21 09:56:15 DEBUG frontend:238 - reeds gevuld door andere ober
2018-05-21 09:56:15 DEBUG frontend:248 - tafel wisselen naar tafel:6
2018-05-21 09:56:15 DEBUG frontend:268 - Wrong waiter on order payment
2018-05-21 09:56:15 DEBUG frontend:248 - tafel wisselen naar tafel:6
2018-05-21 09:56:15 DEBUG frontend:250 - tafelnummer is niet bestaande
2018-05-21 09:56:16 DEBUG frontend:261 - Payment button pressed
2018-05-21 09:56:18 DEBUG frontend:248 - tafel wisselen naar tafel:6
2018-05-21 09:56:18 DEBUG frontend:248 - tafel wisselen naar tafel:2
2018-05-21 09:56:18 DEBUG frontend:87 - oproepen order window zonder ingelogd te zijn
2018-05-21 09:56:18 DEBUG frontend:91 - Call current tabel name
2018-05-21 10:07:49 DEBUG frontend:125 - User login screen
2018-05-21 10:07:55 DEBUG frontend:248 - tafel wisselen naar tafel:1
2018-05-21 10:07:55 DEBUG frontend:91 - Call current tabel name
2018-05-21 10:07:55 DEBUG frontend:181 - order Screen
2018-05-21 10:07:59 DEBUG frontend:189 - Add: Hoegaarden 1
2018-05-21 10:08:02 DEBUG frontend:217 - Remove: Hoegaarden -1
2018-05-21 10:08:18 DEBUG frontend:124 - system shutdown on: 2018-05-21T10:08:18.144
2018-05-21 10:10:59 DEBUG frontend:124 - system shutdown on: 2018-05-21T10:10:59.075
2018-05-21 10:11:54 DEBUG frontend:152 - Not logged in popup
2018-05-21 10:11:55 DEBUG frontend:125 - User login screen
2018-05-21 10:11:59 DEBUG frontend:125 - User login screen
2018-05-21 10:12:11 DEBUG frontend:152 - Not logged in popup
2018-05-21 10:12:12 DEBUG frontend:125 - User login screen
2018-05-21 10:12:14 DEBUG frontend:238 - reeds gevuld door andere ober
2018-05-21 10:12:40 DEBUG frontend:141 - Rapport Screen
2018-05-21 10:13:17 DEBUG frontend:124 - system shutdown on: 2018-05-21T10:13:17.625
